2025-01-16 23:26:37 [background-preinit] INFO  o.h.validator.internal.util.Version - HV000001: Hibernate Validator 8.0.2.Final
2025-01-16 23:26:37 [main] INFO  i.d.c.ConcertReservationSystemApplication - Starting ConcertReservationSystemApplication using Java 21.0.5 with PID 25992 (D:\IntelliJDev\concert-reservation-system\build\classes\java\main started by USER in D:\IntelliJDev\concert-reservation-system)
2025-01-16 23:26:37 [main] INFO  i.d.c.ConcertReservationSystemApplication - No active profile set, falling back to 1 default profile: "default"
2025-01-16 23:26:38 [main] INFO  o.s.d.r.c.RepositoryConfigurationDelegate - Multiple Spring Data modules found, entering strict repository configuration mode
2025-01-16 23:26:38 [main] INFO  o.s.d.r.c.RepositoryConfigurationDelegate - Bootstrapping Spring Data JDBC repositories in DEFAULT mode.
2025-01-16 23:26:38 [main] INFO  o.s.d.r.c.RepositoryConfigurationExtensionSupport - Spring Data JDBC - Could not safely identify store assignment for repository candidate interface io.dev.concertreservationsystem.infrastructure.concert_basic.ConcertBasicJPARepository; If you want this repository to be a JDBC repository, consider annotating your entities with one of these annotations: org.springframework.data.relational.core.mapping.Table.
2025-01-16 23:26:38 [main] INFO  o.s.d.r.c.RepositoryConfigurationExtensionSupport - Spring Data JDBC - Could not safely identify store assignment for repository candidate interface io.dev.concertreservationsystem.infrastructure.concert_detail.ConcertDetailJPARepository; If you want this repository to be a JDBC repository, consider annotating your entities with one of these annotations: org.springframework.data.relational.core.mapping.Table.
2025-01-16 23:26:38 [main] INFO  o.s.d.r.c.RepositoryConfigurationExtensionSupport - Spring Data JDBC - Could not safely identify store assignment for repository candidate interface io.dev.concertreservationsystem.infrastructure.payment.PaymentJPARepository; If you want this repository to be a JDBC repository, consider annotating your entities with one of these annotations: org.springframework.data.relational.core.mapping.Table.
2025-01-16 23:26:38 [main] INFO  o.s.d.r.c.RepositoryConfigurationExtensionSupport - Spring Data JDBC - Could not safely identify store assignment for repository candidate interface io.dev.concertreservationsystem.infrastructure.point_history.PointHistoryJPARepository; If you want this repository to be a JDBC repository, consider annotating your entities with one of these annotations: org.springframework.data.relational.core.mapping.Table.
2025-01-16 23:26:38 [main] INFO  o.s.d.r.c.RepositoryConfigurationExtensionSupport - Spring Data JDBC - Could not safely identify store assignment for repository candidate interface io.dev.concertreservationsystem.infrastructure.reservation.ReservationJPARepository; If you want this repository to be a JDBC repository, consider annotating your entities with one of these annotations: org.springframework.data.relational.core.mapping.Table.
2025-01-16 23:26:38 [main] INFO  o.s.d.r.c.RepositoryConfigurationExtensionSupport - Spring Data JDBC - Could not safely identify store assignment for repository candidate interface io.dev.concertreservationsystem.infrastructure.seat.SeatJPARepository; If you want this repository to be a JDBC repository, consider annotating your entities with one of these annotations: org.springframework.data.relational.core.mapping.Table.
2025-01-16 23:26:38 [main] INFO  o.s.d.r.c.RepositoryConfigurationExtensionSupport - Spring Data JDBC - Could not safely identify store assignment for repository candidate interface io.dev.concertreservationsystem.infrastructure.token.TokenJPARepository; If you want this repository to be a JDBC repository, consider annotating your entities with one of these annotations: org.springframework.data.relational.core.mapping.Table.
2025-01-16 23:26:38 [main] INFO  o.s.d.r.c.RepositoryConfigurationExtensionSupport - Spring Data JDBC - Could not safely identify store assignment for repository candidate interface io.dev.concertreservationsystem.infrastructure.user.UserJPARepository; If you want this repository to be a JDBC repository, consider annotating your entities with one of these annotations: org.springframework.data.relational.core.mapping.Table.
2025-01-16 23:26:38 [main] INFO  o.s.d.r.c.RepositoryConfigurationDelegate - Finished Spring Data repository scanning in 26 ms. Found 0 JDBC repository interfaces.
2025-01-16 23:26:38 [main] INFO  o.s.d.r.c.RepositoryConfigurationDelegate - Multiple Spring Data modules found, entering strict repository configuration mode
2025-01-16 23:26:38 [main] INFO  o.s.d.r.c.RepositoryConfigurationDelegate - Bootstrapping Spring Data JPA repositories in DEFAULT mode.
2025-01-16 23:26:38 [main] INFO  o.s.d.r.c.RepositoryConfigurationDelegate - Finished Spring Data repository scanning in 34 ms. Found 8 JPA repository interfaces.
2025-01-16 23:26:38 [main] INFO  o.s.b.w.e.tomcat.TomcatWebServer - Tomcat initialized with port 8088 (http)
2025-01-16 23:26:38 [main] INFO  o.a.coyote.http11.Http11NioProtocol - Initializing ProtocolHandler ["http-nio-8088"]
2025-01-16 23:26:38 [main] INFO  o.a.catalina.core.StandardService - Starting service [Tomcat]
2025-01-16 23:26:38 [main] INFO  o.a.catalina.core.StandardEngine - Starting Servlet engine: [Apache Tomcat/10.1.34]
2025-01-16 23:26:38 [main] INFO  o.a.c.c.C.[Tomcat].[localhost].[/] - Initializing Spring embedded WebApplicationContext
2025-01-16 23:26:38 [main] INFO  o.s.b.w.s.c.ServletWebServerApplicationContext - Root WebApplicationContext: initialization completed in 1073 ms
2025-01-16 23:26:38 [main] INFO  org.hibernate.Version - HHH000412: Hibernate ORM core version 6.6.4.Final
2025-01-16 23:26:38 [main] INFO  o.h.c.i.RegionFactoryInitiator - HHH000026: Second-level cache disabled
2025-01-16 23:26:39 [main] INFO  o.s.o.j.p.SpringPersistenceUnitInfo - No LoadTimeWeaver setup: ignoring JPA class transformer
2025-01-16 23:26:39 [main] INFO  com.zaxxer.hikari.HikariDataSource - HikariPool-1 - Starting...
2025-01-16 23:26:39 [main] INFO  com.zaxxer.hikari.pool.HikariPool - HikariPool-1 - Added connection com.mysql.cj.jdbc.ConnectionImpl@5d8e4fa8
2025-01-16 23:26:39 [main] INFO  com.zaxxer.hikari.HikariDataSource - HikariPool-1 - Start completed.
2025-01-16 23:26:39 [main] INFO  o.hibernate.orm.connections.pooling - HHH10001005: Database info:
	Database JDBC URL [Connecting through datasource 'HikariDataSource (HikariPool-1)']
	Database driver: undefined/unknown
	Database version: 8.0
	Autocommit mode: undefined/unknown
	Isolation level: undefined/unknown
	Minimum pool size: undefined/unknown
	Maximum pool size: undefined/unknown
2025-01-16 23:26:39 [main] INFO  o.h.e.t.j.p.i.JtaPlatformInitiator - HHH000489: No JTA platform available (set 'hibernate.transaction.jta.platform' to enable JTA platform integration)
2025-01-16 23:26:40 [main] INFO  o.s.o.j.LocalContainerEntityManagerFactoryBean - Initialized JPA EntityManagerFactory for persistence unit 'default'
2025-01-16 23:26:40 [main] INFO  o.s.d.j.r.query.QueryEnhancerFactory - Hibernate is in classpath; If applicable, HQL parser will be used.
2025-01-16 23:26:40 [main] INFO  o.s.o.j.LocalContainerEntityManagerFactoryBean - Closing JPA EntityManagerFactory for persistence unit 'default'
2025-01-16 23:26:40 [main] INFO  com.zaxxer.hikari.HikariDataSource - HikariPool-1 - Shutdown initiated...
2025-01-16 23:26:40 [main] INFO  com.zaxxer.hikari.HikariDataSource - HikariPool-1 - Shutdown completed.
2025-01-16 23:26:40 [main] INFO  o.a.catalina.core.StandardService - Stopping service [Tomcat]
2025-01-16 23:27:05 [background-preinit] INFO  o.h.validator.internal.util.Version - HV000001: Hibernate Validator 8.0.2.Final
2025-01-16 23:27:05 [main] INFO  i.d.c.ConcertReservationSystemApplication - Starting ConcertReservationSystemApplication using Java 21.0.5 with PID 25984 (D:\IntelliJDev\concert-reservation-system\build\classes\java\main started by USER in D:\IntelliJDev\concert-reservation-system)
2025-01-16 23:27:05 [main] INFO  i.d.c.ConcertReservationSystemApplication - No active profile set, falling back to 1 default profile: "default"
2025-01-16 23:27:06 [main] INFO  o.s.d.r.c.RepositoryConfigurationDelegate - Multiple Spring Data modules found, entering strict repository configuration mode
2025-01-16 23:27:06 [main] INFO  o.s.d.r.c.RepositoryConfigurationDelegate - Bootstrapping Spring Data JDBC repositories in DEFAULT mode.
2025-01-16 23:27:06 [main] INFO  o.s.d.r.c.RepositoryConfigurationExtensionSupport - Spring Data JDBC - Could not safely identify store assignment for repository candidate interface io.dev.concertreservationsystem.infrastructure.concert_basic.ConcertBasicJPARepository; If you want this repository to be a JDBC repository, consider annotating your entities with one of these annotations: org.springframework.data.relational.core.mapping.Table.
2025-01-16 23:27:06 [main] INFO  o.s.d.r.c.RepositoryConfigurationExtensionSupport - Spring Data JDBC - Could not safely identify store assignment for repository candidate interface io.dev.concertreservationsystem.infrastructure.concert_detail.ConcertDetailJPARepository; If you want this repository to be a JDBC repository, consider annotating your entities with one of these annotations: org.springframework.data.relational.core.mapping.Table.
2025-01-16 23:27:06 [main] INFO  o.s.d.r.c.RepositoryConfigurationExtensionSupport - Spring Data JDBC - Could not safely identify store assignment for repository candidate interface io.dev.concertreservationsystem.infrastructure.payment.PaymentJPARepository; If you want this repository to be a JDBC repository, consider annotating your entities with one of these annotations: org.springframework.data.relational.core.mapping.Table.
2025-01-16 23:27:06 [main] INFO  o.s.d.r.c.RepositoryConfigurationExtensionSupport - Spring Data JDBC - Could not safely identify store assignment for repository candidate interface io.dev.concertreservationsystem.infrastructure.point_history.PointHistoryJPARepository; If you want this repository to be a JDBC repository, consider annotating your entities with one of these annotations: org.springframework.data.relational.core.mapping.Table.
2025-01-16 23:27:06 [main] INFO  o.s.d.r.c.RepositoryConfigurationExtensionSupport - Spring Data JDBC - Could not safely identify store assignment for repository candidate interface io.dev.concertreservationsystem.infrastructure.reservation.ReservationJPARepository; If you want this repository to be a JDBC repository, consider annotating your entities with one of these annotations: org.springframework.data.relational.core.mapping.Table.
2025-01-16 23:27:06 [main] INFO  o.s.d.r.c.RepositoryConfigurationExtensionSupport - Spring Data JDBC - Could not safely identify store assignment for repository candidate interface io.dev.concertreservationsystem.infrastructure.seat.SeatJPARepository; If you want this repository to be a JDBC repository, consider annotating your entities with one of these annotations: org.springframework.data.relational.core.mapping.Table.
2025-01-16 23:27:06 [main] INFO  o.s.d.r.c.RepositoryConfigurationExtensionSupport - Spring Data JDBC - Could not safely identify store assignment for repository candidate interface io.dev.concertreservationsystem.infrastructure.token.TokenJPARepository; If you want this repository to be a JDBC repository, consider annotating your entities with one of these annotations: org.springframework.data.relational.core.mapping.Table.
2025-01-16 23:27:06 [main] INFO  o.s.d.r.c.RepositoryConfigurationExtensionSupport - Spring Data JDBC - Could not safely identify store assignment for repository candidate interface io.dev.concertreservationsystem.infrastructure.user.UserJPARepository; If you want this repository to be a JDBC repository, consider annotating your entities with one of these annotations: org.springframework.data.relational.core.mapping.Table.
2025-01-16 23:27:06 [main] INFO  o.s.d.r.c.RepositoryConfigurationDelegate - Finished Spring Data repository scanning in 26 ms. Found 0 JDBC repository interfaces.
2025-01-16 23:27:06 [main] INFO  o.s.d.r.c.RepositoryConfigurationDelegate - Multiple Spring Data modules found, entering strict repository configuration mode
2025-01-16 23:27:06 [main] INFO  o.s.d.r.c.RepositoryConfigurationDelegate - Bootstrapping Spring Data JPA repositories in DEFAULT mode.
2025-01-16 23:27:06 [main] INFO  o.s.d.r.c.RepositoryConfigurationDelegate - Finished Spring Data repository scanning in 34 ms. Found 8 JPA repository interfaces.
2025-01-16 23:27:06 [main] INFO  o.s.b.w.e.tomcat.TomcatWebServer - Tomcat initialized with port 8088 (http)
2025-01-16 23:27:06 [main] INFO  o.a.coyote.http11.Http11NioProtocol - Initializing ProtocolHandler ["http-nio-8088"]
2025-01-16 23:27:06 [main] INFO  o.a.catalina.core.StandardService - Starting service [Tomcat]
2025-01-16 23:27:06 [main] INFO  o.a.catalina.core.StandardEngine - Starting Servlet engine: [Apache Tomcat/10.1.34]
2025-01-16 23:27:06 [main] INFO  o.a.c.c.C.[Tomcat].[localhost].[/] - Initializing Spring embedded WebApplicationContext
2025-01-16 23:27:06 [main] INFO  o.s.b.w.s.c.ServletWebServerApplicationContext - Root WebApplicationContext: initialization completed in 1006 ms
2025-01-16 23:27:06 [main] INFO  org.hibernate.Version - HHH000412: Hibernate ORM core version 6.6.4.Final
2025-01-16 23:27:06 [main] INFO  o.h.c.i.RegionFactoryInitiator - HHH000026: Second-level cache disabled
2025-01-16 23:27:07 [main] INFO  o.s.o.j.p.SpringPersistenceUnitInfo - No LoadTimeWeaver setup: ignoring JPA class transformer
2025-01-16 23:27:07 [main] INFO  com.zaxxer.hikari.HikariDataSource - HikariPool-1 - Starting...
2025-01-16 23:27:07 [main] INFO  com.zaxxer.hikari.pool.HikariPool - HikariPool-1 - Added connection com.mysql.cj.jdbc.ConnectionImpl@77f7352a
2025-01-16 23:27:07 [main] INFO  com.zaxxer.hikari.HikariDataSource - HikariPool-1 - Start completed.
2025-01-16 23:27:07 [main] INFO  o.hibernate.orm.connections.pooling - HHH10001005: Database info:
	Database JDBC URL [Connecting through datasource 'HikariDataSource (HikariPool-1)']
	Database driver: undefined/unknown
	Database version: 8.0
	Autocommit mode: undefined/unknown
	Isolation level: undefined/unknown
	Minimum pool size: undefined/unknown
	Maximum pool size: undefined/unknown
2025-01-16 23:27:08 [main] INFO  o.h.e.t.j.p.i.JtaPlatformInitiator - HHH000489: No JTA platform available (set 'hibernate.transaction.jta.platform' to enable JTA platform integration)
2025-01-16 23:27:08 [main] INFO  o.s.o.j.LocalContainerEntityManagerFactoryBean - Initialized JPA EntityManagerFactory for persistence unit 'default'
2025-01-16 23:27:08 [main] INFO  o.s.d.j.r.query.QueryEnhancerFactory - Hibernate is in classpath; If applicable, HQL parser will be used.
2025-01-16 23:27:08 [main] INFO  o.s.o.j.LocalContainerEntityManagerFactoryBean - Closing JPA EntityManagerFactory for persistence unit 'default'
2025-01-16 23:27:08 [main] INFO  com.zaxxer.hikari.HikariDataSource - HikariPool-1 - Shutdown initiated...
2025-01-16 23:27:08 [main] INFO  com.zaxxer.hikari.HikariDataSource - HikariPool-1 - Shutdown completed.
2025-01-16 23:27:08 [main] INFO  o.a.catalina.core.StandardService - Stopping service [Tomcat]
2025-01-16 23:27:28 [background-preinit] INFO  o.h.validator.internal.util.Version - HV000001: Hibernate Validator 8.0.2.Final
2025-01-16 23:27:28 [main] INFO  i.d.c.ConcertReservationSystemApplication - Starting ConcertReservationSystemApplication using Java 21.0.5 with PID 23652 (D:\IntelliJDev\concert-reservation-system\build\classes\java\main started by USER in D:\IntelliJDev\concert-reservation-system)
2025-01-16 23:27:28 [main] INFO  i.d.c.ConcertReservationSystemApplication - No active profile set, falling back to 1 default profile: "default"
2025-01-16 23:27:29 [main] INFO  o.s.d.r.c.RepositoryConfigurationDelegate - Multiple Spring Data modules found, entering strict repository configuration mode
2025-01-16 23:27:29 [main] INFO  o.s.d.r.c.RepositoryConfigurationDelegate - Bootstrapping Spring Data JDBC repositories in DEFAULT mode.
2025-01-16 23:27:29 [main] INFO  o.s.d.r.c.RepositoryConfigurationExtensionSupport - Spring Data JDBC - Could not safely identify store assignment for repository candidate interface io.dev.concertreservationsystem.infrastructure.concert_basic.ConcertBasicJPARepository; If you want this repository to be a JDBC repository, consider annotating your entities with one of these annotations: org.springframework.data.relational.core.mapping.Table.
2025-01-16 23:27:29 [main] INFO  o.s.d.r.c.RepositoryConfigurationExtensionSupport - Spring Data JDBC - Could not safely identify store assignment for repository candidate interface io.dev.concertreservationsystem.infrastructure.concert_detail.ConcertDetailJPARepository; If you want this repository to be a JDBC repository, consider annotating your entities with one of these annotations: org.springframework.data.relational.core.mapping.Table.
2025-01-16 23:27:29 [main] INFO  o.s.d.r.c.RepositoryConfigurationExtensionSupport - Spring Data JDBC - Could not safely identify store assignment for repository candidate interface io.dev.concertreservationsystem.infrastructure.payment.PaymentJPARepository; If you want this repository to be a JDBC repository, consider annotating your entities with one of these annotations: org.springframework.data.relational.core.mapping.Table.
2025-01-16 23:27:29 [main] INFO  o.s.d.r.c.RepositoryConfigurationExtensionSupport - Spring Data JDBC - Could not safely identify store assignment for repository candidate interface io.dev.concertreservationsystem.infrastructure.point_history.PointHistoryJPARepository; If you want this repository to be a JDBC repository, consider annotating your entities with one of these annotations: org.springframework.data.relational.core.mapping.Table.
2025-01-16 23:27:29 [main] INFO  o.s.d.r.c.RepositoryConfigurationExtensionSupport - Spring Data JDBC - Could not safely identify store assignment for repository candidate interface io.dev.concertreservationsystem.infrastructure.reservation.ReservationJPARepository; If you want this repository to be a JDBC repository, consider annotating your entities with one of these annotations: org.springframework.data.relational.core.mapping.Table.
2025-01-16 23:27:29 [main] INFO  o.s.d.r.c.RepositoryConfigurationExtensionSupport - Spring Data JDBC - Could not safely identify store assignment for repository candidate interface io.dev.concertreservationsystem.infrastructure.seat.SeatJPARepository; If you want this repository to be a JDBC repository, consider annotating your entities with one of these annotations: org.springframework.data.relational.core.mapping.Table.
2025-01-16 23:27:29 [main] INFO  o.s.d.r.c.RepositoryConfigurationExtensionSupport - Spring Data JDBC - Could not safely identify store assignment for repository candidate interface io.dev.concertreservationsystem.infrastructure.token.TokenJPARepository; If you want this repository to be a JDBC repository, consider annotating your entities with one of these annotations: org.springframework.data.relational.core.mapping.Table.
2025-01-16 23:27:29 [main] INFO  o.s.d.r.c.RepositoryConfigurationExtensionSupport - Spring Data JDBC - Could not safely identify store assignment for repository candidate interface io.dev.concertreservationsystem.infrastructure.user.UserJPARepository; If you want this repository to be a JDBC repository, consider annotating your entities with one of these annotations: org.springframework.data.relational.core.mapping.Table.
2025-01-16 23:27:29 [main] INFO  o.s.d.r.c.RepositoryConfigurationDelegate - Finished Spring Data repository scanning in 25 ms. Found 0 JDBC repository interfaces.
2025-01-16 23:27:29 [main] INFO  o.s.d.r.c.RepositoryConfigurationDelegate - Multiple Spring Data modules found, entering strict repository configuration mode
2025-01-16 23:27:29 [main] INFO  o.s.d.r.c.RepositoryConfigurationDelegate - Bootstrapping Spring Data JPA repositories in DEFAULT mode.
2025-01-16 23:27:29 [main] INFO  o.s.d.r.c.RepositoryConfigurationDelegate - Finished Spring Data repository scanning in 33 ms. Found 8 JPA repository interfaces.
2025-01-16 23:27:29 [main] INFO  o.s.b.w.e.tomcat.TomcatWebServer - Tomcat initialized with port 8088 (http)
2025-01-16 23:27:29 [main] INFO  o.a.coyote.http11.Http11NioProtocol - Initializing ProtocolHandler ["http-nio-8088"]
2025-01-16 23:27:29 [main] INFO  o.a.catalina.core.StandardService - Starting service [Tomcat]
2025-01-16 23:27:29 [main] INFO  o.a.catalina.core.StandardEngine - Starting Servlet engine: [Apache Tomcat/10.1.34]
2025-01-16 23:27:29 [main] INFO  o.a.c.c.C.[Tomcat].[localhost].[/] - Initializing Spring embedded WebApplicationContext
2025-01-16 23:27:29 [main] INFO  o.s.b.w.s.c.ServletWebServerApplicationContext - Root WebApplicationContext: initialization completed in 1001 ms
2025-01-16 23:27:29 [main] INFO  org.hibernate.Version - HHH000412: Hibernate ORM core version 6.6.4.Final
2025-01-16 23:27:29 [main] INFO  o.h.c.i.RegionFactoryInitiator - HHH000026: Second-level cache disabled
2025-01-16 23:27:30 [main] INFO  o.s.o.j.p.SpringPersistenceUnitInfo - No LoadTimeWeaver setup: ignoring JPA class transformer
2025-01-16 23:27:30 [main] INFO  com.zaxxer.hikari.HikariDataSource - HikariPool-1 - Starting...
2025-01-16 23:27:30 [main] INFO  com.zaxxer.hikari.pool.HikariPool - HikariPool-1 - Added connection com.mysql.cj.jdbc.ConnectionImpl@787a0fd6
2025-01-16 23:27:30 [main] INFO  com.zaxxer.hikari.HikariDataSource - HikariPool-1 - Start completed.
2025-01-16 23:27:30 [main] INFO  o.hibernate.orm.connections.pooling - HHH10001005: Database info:
	Database JDBC URL [Connecting through datasource 'HikariDataSource (HikariPool-1)']
	Database driver: undefined/unknown
	Database version: 8.0
	Autocommit mode: undefined/unknown
	Isolation level: undefined/unknown
	Minimum pool size: undefined/unknown
	Maximum pool size: undefined/unknown
2025-01-16 23:27:30 [main] INFO  o.h.e.t.j.p.i.JtaPlatformInitiator - HHH000489: No JTA platform available (set 'hibernate.transaction.jta.platform' to enable JTA platform integration)
2025-01-16 23:27:31 [main] INFO  o.s.o.j.LocalContainerEntityManagerFactoryBean - Initialized JPA EntityManagerFactory for persistence unit 'default'
2025-01-16 23:27:31 [main] INFO  o.s.d.j.r.query.QueryEnhancerFactory - Hibernate is in classpath; If applicable, HQL parser will be used.
2025-01-16 23:27:31 [main] INFO  o.a.coyote.http11.Http11NioProtocol - Starting ProtocolHandler ["http-nio-8088"]
2025-01-16 23:27:31 [main] INFO  o.s.b.w.e.tomcat.TomcatWebServer - Tomcat started on port 8088 (http) with context path '/'
2025-01-16 23:27:31 [main] INFO  i.d.c.ConcertReservationSystemApplication - Started ConcertReservationSystemApplication in 3.532 seconds (process running for 4.083)
2025-01-16 23:29:02 [SpringApplicationShutdownHook] INFO  o.s.b.w.e.tomcat.GracefulShutdown - Commencing graceful shutdown. Waiting for active requests to complete
2025-01-16 23:29:02 [tomcat-shutdown] INFO  o.s.b.w.e.tomcat.GracefulShutdown - Graceful shutdown complete
2025-01-16 23:29:02 [SpringApplicationShutdownHook] INFO  o.s.o.j.LocalContainerEntityManagerFactoryBean - Closing JPA EntityManagerFactory for persistence unit 'default'
2025-01-16 23:29:02 [SpringApplicationShutdownHook] INFO  com.zaxxer.hikari.HikariDataSource - HikariPool-1 - Shutdown initiated...
2025-01-16 23:29:02 [SpringApplicationShutdownHook] INFO  com.zaxxer.hikari.HikariDataSource - HikariPool-1 - Shutdown completed.
2025-01-16 23:29:12 [background-preinit] INFO  o.h.validator.internal.util.Version - HV000001: Hibernate Validator 8.0.2.Final
2025-01-16 23:29:12 [main] INFO  i.d.c.ConcertReservationSystemApplication - Starting ConcertReservationSystemApplication using Java 21.0.5 with PID 15184 (D:\IntelliJDev\concert-reservation-system\build\classes\java\main started by USER in D:\IntelliJDev\concert-reservation-system)
2025-01-16 23:29:12 [main] INFO  i.d.c.ConcertReservationSystemApplication - No active profile set, falling back to 1 default profile: "default"
2025-01-16 23:29:12 [main] INFO  o.s.d.r.c.RepositoryConfigurationDelegate - Multiple Spring Data modules found, entering strict repository configuration mode
2025-01-16 23:29:12 [main] INFO  o.s.d.r.c.RepositoryConfigurationDelegate - Bootstrapping Spring Data JDBC repositories in DEFAULT mode.
2025-01-16 23:29:12 [main] INFO  o.s.d.r.c.RepositoryConfigurationExtensionSupport - Spring Data JDBC - Could not safely identify store assignment for repository candidate interface io.dev.concertreservationsystem.infrastructure.concert_basic.ConcertBasicJPARepository; If you want this repository to be a JDBC repository, consider annotating your entities with one of these annotations: org.springframework.data.relational.core.mapping.Table.
2025-01-16 23:29:12 [main] INFO  o.s.d.r.c.RepositoryConfigurationExtensionSupport - Spring Data JDBC - Could not safely identify store assignment for repository candidate interface io.dev.concertreservationsystem.infrastructure.concert_detail.ConcertDetailJPARepository; If you want this repository to be a JDBC repository, consider annotating your entities with one of these annotations: org.springframework.data.relational.core.mapping.Table.
2025-01-16 23:29:12 [main] INFO  o.s.d.r.c.RepositoryConfigurationExtensionSupport - Spring Data JDBC - Could not safely identify store assignment for repository candidate interface io.dev.concertreservationsystem.infrastructure.payment.PaymentJPARepository; If you want this repository to be a JDBC repository, consider annotating your entities with one of these annotations: org.springframework.data.relational.core.mapping.Table.
2025-01-16 23:29:12 [main] INFO  o.s.d.r.c.RepositoryConfigurationExtensionSupport - Spring Data JDBC - Could not safely identify store assignment for repository candidate interface io.dev.concertreservationsystem.infrastructure.point_history.PointHistoryJPARepository; If you want this repository to be a JDBC repository, consider annotating your entities with one of these annotations: org.springframework.data.relational.core.mapping.Table.
2025-01-16 23:29:12 [main] INFO  o.s.d.r.c.RepositoryConfigurationExtensionSupport - Spring Data JDBC - Could not safely identify store assignment for repository candidate interface io.dev.concertreservationsystem.infrastructure.reservation.ReservationJPARepository; If you want this repository to be a JDBC repository, consider annotating your entities with one of these annotations: org.springframework.data.relational.core.mapping.Table.
2025-01-16 23:29:12 [main] INFO  o.s.d.r.c.RepositoryConfigurationExtensionSupport - Spring Data JDBC - Could not safely identify store assignment for repository candidate interface io.dev.concertreservationsystem.infrastructure.seat.SeatJPARepository; If you want this repository to be a JDBC repository, consider annotating your entities with one of these annotations: org.springframework.data.relational.core.mapping.Table.
2025-01-16 23:29:12 [main] INFO  o.s.d.r.c.RepositoryConfigurationExtensionSupport - Spring Data JDBC - Could not safely identify store assignment for repository candidate interface io.dev.concertreservationsystem.infrastructure.token.TokenJPARepository; If you want this repository to be a JDBC repository, consider annotating your entities with one of these annotations: org.springframework.data.relational.core.mapping.Table.
2025-01-16 23:29:12 [main] INFO  o.s.d.r.c.RepositoryConfigurationExtensionSupport - Spring Data JDBC - Could not safely identify store assignment for repository candidate interface io.dev.concertreservationsystem.infrastructure.user.UserJPARepository; If you want this repository to be a JDBC repository, consider annotating your entities with one of these annotations: org.springframework.data.relational.core.mapping.Table.
2025-01-16 23:29:12 [main] INFO  o.s.d.r.c.RepositoryConfigurationDelegate - Finished Spring Data repository scanning in 27 ms. Found 0 JDBC repository interfaces.
2025-01-16 23:29:12 [main] INFO  o.s.d.r.c.RepositoryConfigurationDelegate - Multiple Spring Data modules found, entering strict repository configuration mode
2025-01-16 23:29:12 [main] INFO  o.s.d.r.c.RepositoryConfigurationDelegate - Bootstrapping Spring Data JPA repositories in DEFAULT mode.
2025-01-16 23:29:12 [main] INFO  o.s.d.r.c.RepositoryConfigurationDelegate - Finished Spring Data repository scanning in 35 ms. Found 8 JPA repository interfaces.
2025-01-16 23:29:13 [main] INFO  o.s.b.w.e.tomcat.TomcatWebServer - Tomcat initialized with port 8088 (http)
2025-01-16 23:29:13 [main] INFO  o.a.coyote.http11.Http11NioProtocol - Initializing ProtocolHandler ["http-nio-8088"]
2025-01-16 23:29:13 [main] INFO  o.a.catalina.core.StandardService - Starting service [Tomcat]
2025-01-16 23:29:13 [main] INFO  o.a.catalina.core.StandardEngine - Starting Servlet engine: [Apache Tomcat/10.1.34]
2025-01-16 23:29:13 [main] INFO  o.a.c.c.C.[Tomcat].[localhost].[/] - Initializing Spring embedded WebApplicationContext
2025-01-16 23:29:13 [main] INFO  o.s.b.w.s.c.ServletWebServerApplicationContext - Root WebApplicationContext: initialization completed in 1000 ms
2025-01-16 23:29:13 [main] INFO  org.hibernate.Version - HHH000412: Hibernate ORM core version 6.6.4.Final
2025-01-16 23:29:13 [main] INFO  o.h.c.i.RegionFactoryInitiator - HHH000026: Second-level cache disabled
2025-01-16 23:29:13 [main] INFO  o.s.o.j.p.SpringPersistenceUnitInfo - No LoadTimeWeaver setup: ignoring JPA class transformer
2025-01-16 23:29:13 [main] INFO  com.zaxxer.hikari.HikariDataSource - HikariPool-1 - Starting...
2025-01-16 23:29:13 [main] INFO  com.zaxxer.hikari.pool.HikariPool - HikariPool-1 - Added connection com.mysql.cj.jdbc.ConnectionImpl@df432ec
2025-01-16 23:29:13 [main] INFO  com.zaxxer.hikari.HikariDataSource - HikariPool-1 - Start completed.
2025-01-16 23:29:13 [main] INFO  o.hibernate.orm.connections.pooling - HHH10001005: Database info:
	Database JDBC URL [Connecting through datasource 'HikariDataSource (HikariPool-1)']
	Database driver: undefined/unknown
	Database version: 8.0
	Autocommit mode: undefined/unknown
	Isolation level: undefined/unknown
	Minimum pool size: undefined/unknown
	Maximum pool size: undefined/unknown
2025-01-16 23:29:14 [main] INFO  o.h.e.t.j.p.i.JtaPlatformInitiator - HHH000489: No JTA platform available (set 'hibernate.transaction.jta.platform' to enable JTA platform integration)
2025-01-16 23:29:14 [main] INFO  o.s.o.j.LocalContainerEntityManagerFactoryBean - Initialized JPA EntityManagerFactory for persistence unit 'default'
2025-01-16 23:29:15 [main] INFO  o.s.d.j.r.query.QueryEnhancerFactory - Hibernate is in classpath; If applicable, HQL parser will be used.
2025-01-16 23:29:15 [main] INFO  o.a.coyote.http11.Http11NioProtocol - Starting ProtocolHandler ["http-nio-8088"]
2025-01-16 23:29:15 [main] INFO  o.s.b.w.e.tomcat.TomcatWebServer - Tomcat started on port 8088 (http) with context path '/'
2025-01-16 23:29:15 [main] INFO  i.d.c.ConcertReservationSystemApplication - Started ConcertReservationSystemApplication in 3.568 seconds (process running for 4.113)
2025-01-16 23:51:12 [SpringApplicationShutdownHook] INFO  o.s.b.w.e.tomcat.GracefulShutdown - Commencing graceful shutdown. Waiting for active requests to complete
2025-01-16 23:51:12 [tomcat-shutdown] INFO  o.s.b.w.e.tomcat.GracefulShutdown - Graceful shutdown complete
2025-01-16 23:51:12 [SpringApplicationShutdownHook] INFO  o.s.o.j.LocalContainerEntityManagerFactoryBean - Closing JPA EntityManagerFactory for persistence unit 'default'
2025-01-16 23:51:12 [SpringApplicationShutdownHook] INFO  com.zaxxer.hikari.HikariDataSource - HikariPool-1 - Shutdown initiated...
2025-01-16 23:51:12 [SpringApplicationShutdownHook] INFO  com.zaxxer.hikari.HikariDataSource - HikariPool-1 - Shutdown completed.
2025-01-16 23:51:17 [background-preinit] INFO  o.h.validator.internal.util.Version - HV000001: Hibernate Validator 8.0.2.Final
2025-01-16 23:51:17 [main] INFO  i.d.c.ConcertReservationSystemApplication - Starting ConcertReservationSystemApplication using Java 21.0.5 with PID 6352 (D:\IntelliJDev\concert-reservation-system\build\classes\java\main started by USER in D:\IntelliJDev\concert-reservation-system)
2025-01-16 23:51:17 [main] INFO  i.d.c.ConcertReservationSystemApplication - No active profile set, falling back to 1 default profile: "default"
2025-01-16 23:51:17 [main] INFO  o.s.d.r.c.RepositoryConfigurationDelegate - Multiple Spring Data modules found, entering strict repository configuration mode
2025-01-16 23:51:17 [main] INFO  o.s.d.r.c.RepositoryConfigurationDelegate - Bootstrapping Spring Data JDBC repositories in DEFAULT mode.
2025-01-16 23:51:17 [main] INFO  o.s.d.r.c.RepositoryConfigurationExtensionSupport - Spring Data JDBC - Could not safely identify store assignment for repository candidate interface io.dev.concertreservationsystem.infrastructure.concert_basic.ConcertBasicJPARepository; If you want this repository to be a JDBC repository, consider annotating your entities with one of these annotations: org.springframework.data.relational.core.mapping.Table.
2025-01-16 23:51:17 [main] INFO  o.s.d.r.c.RepositoryConfigurationExtensionSupport - Spring Data JDBC - Could not safely identify store assignment for repository candidate interface io.dev.concertreservationsystem.infrastructure.concert_detail.ConcertDetailJPARepository; If you want this repository to be a JDBC repository, consider annotating your entities with one of these annotations: org.springframework.data.relational.core.mapping.Table.
2025-01-16 23:51:17 [main] INFO  o.s.d.r.c.RepositoryConfigurationExtensionSupport - Spring Data JDBC - Could not safely identify store assignment for repository candidate interface io.dev.concertreservationsystem.infrastructure.payment.PaymentJPARepository; If you want this repository to be a JDBC repository, consider annotating your entities with one of these annotations: org.springframework.data.relational.core.mapping.Table.
2025-01-16 23:51:17 [main] INFO  o.s.d.r.c.RepositoryConfigurationExtensionSupport - Spring Data JDBC - Could not safely identify store assignment for repository candidate interface io.dev.concertreservationsystem.infrastructure.point_history.PointHistoryJPARepository; If you want this repository to be a JDBC repository, consider annotating your entities with one of these annotations: org.springframework.data.relational.core.mapping.Table.
2025-01-16 23:51:17 [main] INFO  o.s.d.r.c.RepositoryConfigurationExtensionSupport - Spring Data JDBC - Could not safely identify store assignment for repository candidate interface io.dev.concertreservationsystem.infrastructure.reservation.ReservationJPARepository; If you want this repository to be a JDBC repository, consider annotating your entities with one of these annotations: org.springframework.data.relational.core.mapping.Table.
2025-01-16 23:51:17 [main] INFO  o.s.d.r.c.RepositoryConfigurationExtensionSupport - Spring Data JDBC - Could not safely identify store assignment for repository candidate interface io.dev.concertreservationsystem.infrastructure.seat.SeatJPARepository; If you want this repository to be a JDBC repository, consider annotating your entities with one of these annotations: org.springframework.data.relational.core.mapping.Table.
2025-01-16 23:51:17 [main] INFO  o.s.d.r.c.RepositoryConfigurationExtensionSupport - Spring Data JDBC - Could not safely identify store assignment for repository candidate interface io.dev.concertreservationsystem.infrastructure.token.TokenJPARepository; If you want this repository to be a JDBC repository, consider annotating your entities with one of these annotations: org.springframework.data.relational.core.mapping.Table.
2025-01-16 23:51:17 [main] INFO  o.s.d.r.c.RepositoryConfigurationExtensionSupport - Spring Data JDBC - Could not safely identify store assignment for repository candidate interface io.dev.concertreservationsystem.infrastructure.user.UserJPARepository; If you want this repository to be a JDBC repository, consider annotating your entities with one of these annotations: org.springframework.data.relational.core.mapping.Table.
2025-01-16 23:51:17 [main] INFO  o.s.d.r.c.RepositoryConfigurationDelegate - Finished Spring Data repository scanning in 25 ms. Found 0 JDBC repository interfaces.
2025-01-16 23:51:17 [main] INFO  o.s.d.r.c.RepositoryConfigurationDelegate - Multiple Spring Data modules found, entering strict repository configuration mode
2025-01-16 23:51:17 [main] INFO  o.s.d.r.c.RepositoryConfigurationDelegate - Bootstrapping Spring Data JPA repositories in DEFAULT mode.
2025-01-16 23:51:17 [main] INFO  o.s.d.r.c.RepositoryConfigurationDelegate - Finished Spring Data repository scanning in 33 ms. Found 8 JPA repository interfaces.
2025-01-16 23:51:18 [main] INFO  o.s.b.w.e.tomcat.TomcatWebServer - Tomcat initialized with port 8088 (http)
2025-01-16 23:51:18 [main] INFO  o.a.coyote.http11.Http11NioProtocol - Initializing ProtocolHandler ["http-nio-8088"]
2025-01-16 23:51:18 [main] INFO  o.a.catalina.core.StandardService - Starting service [Tomcat]
2025-01-16 23:51:18 [main] INFO  o.a.catalina.core.StandardEngine - Starting Servlet engine: [Apache Tomcat/10.1.34]
2025-01-16 23:51:18 [main] INFO  o.a.c.c.C.[Tomcat].[localhost].[/] - Initializing Spring embedded WebApplicationContext
2025-01-16 23:51:18 [main] INFO  o.s.b.w.s.c.ServletWebServerApplicationContext - Root WebApplicationContext: initialization completed in 984 ms
2025-01-16 23:51:18 [main] INFO  org.hibernate.Version - HHH000412: Hibernate ORM core version 6.6.4.Final
2025-01-16 23:51:18 [main] INFO  o.h.c.i.RegionFactoryInitiator - HHH000026: Second-level cache disabled
2025-01-16 23:51:18 [main] INFO  o.s.o.j.p.SpringPersistenceUnitInfo - No LoadTimeWeaver setup: ignoring JPA class transformer
2025-01-16 23:51:18 [main] INFO  com.zaxxer.hikari.HikariDataSource - HikariPool-1 - Starting...
2025-01-16 23:51:18 [main] INFO  com.zaxxer.hikari.pool.HikariPool - HikariPool-1 - Added connection com.mysql.cj.jdbc.ConnectionImpl@5c930fc3
2025-01-16 23:51:18 [main] INFO  com.zaxxer.hikari.HikariDataSource - HikariPool-1 - Start completed.
2025-01-16 23:51:18 [main] INFO  o.hibernate.orm.connections.pooling - HHH10001005: Database info:
	Database JDBC URL [Connecting through datasource 'HikariDataSource (HikariPool-1)']
	Database driver: undefined/unknown
	Database version: 8.0
	Autocommit mode: undefined/unknown
	Isolation level: undefined/unknown
	Minimum pool size: undefined/unknown
	Maximum pool size: undefined/unknown
2025-01-16 23:51:19 [main] INFO  o.h.e.t.j.p.i.JtaPlatformInitiator - HHH000489: No JTA platform available (set 'hibernate.transaction.jta.platform' to enable JTA platform integration)
2025-01-16 23:51:19 [main] INFO  o.s.o.j.LocalContainerEntityManagerFactoryBean - Initialized JPA EntityManagerFactory for persistence unit 'default'
2025-01-16 23:51:19 [main] INFO  o.s.d.j.r.query.QueryEnhancerFactory - Hibernate is in classpath; If applicable, HQL parser will be used.
2025-01-16 23:51:20 [main] INFO  o.a.coyote.http11.Http11NioProtocol - Starting ProtocolHandler ["http-nio-8088"]
2025-01-16 23:51:20 [main] INFO  o.s.b.w.e.tomcat.TomcatWebServer - Tomcat started on port 8088 (http) with context path '/'
2025-01-16 23:51:20 [main] INFO  i.d.c.ConcertReservationSystemApplication - Started ConcertReservationSystemApplication in 3.486 seconds (process running for 4.045)
2025-01-16 23:52:00 [MyScheduler-3] INFO  i.d.c.i.c.s.DataStatusScheduler - UUID - [SCHEDULER-d6d04138-5c81-416f-8034-d84bed3637b0] | <<--------------------------------------------------------------------------
2025-01-16 23:52:00 [MyScheduler-1] INFO  i.d.c.i.c.s.DataStatusScheduler - UUID - [SCHEDULER-28f22ec7-9761-46c5-a497-dbbf0e524191] | <<--------------------------------------------------------------------------
2025-01-16 23:52:00 [MyScheduler-2] INFO  i.d.c.i.c.s.DataStatusScheduler - UUID - [SCHEDULER-99426d7b-8b46-4679-91c1-5b5db0d78ab4] | <<--------------------------------------------------------------------------
2025-01-16 23:52:00 [MyScheduler-1] INFO  i.d.c.i.c.s.DataStatusScheduler - UUID - [SCHEDULER-28f22ec7-9761-46c5-a497-dbbf0e524191] | EXPIRE_TOKEN_SCHEDULER | START TIME : 2025-01-16T23:52:00.012029100
2025-01-16 23:52:00 [MyScheduler-2] INFO  i.d.c.i.c.s.DataStatusScheduler - UUID - [SCHEDULER-99426d7b-8b46-4679-91c1-5b5db0d78ab4] | ACTIVE_TOKEN_SCHEDULER | START TIME : 2025-01-16T23:52:00.012029100
2025-01-16 23:52:00 [MyScheduler-3] INFO  i.d.c.i.c.s.DataStatusScheduler - UUID - [SCHEDULER-d6d04138-5c81-416f-8034-d84bed3637b0] | SEAT_SCHEDULER | START TIME : 2025-01-16T23:52:00.012029100
2025-01-16 23:52:00 [MyScheduler-1] INFO  i.d.c.i.c.s.DataStatusScheduler - UUID - [SCHEDULER-28f22ec7-9761-46c5-a497-dbbf0e524191] | schedule processed in 74 ms : 2025-01-16T23:52:00.086110600
2025-01-16 23:52:00 [MyScheduler-1] INFO  i.d.c.i.c.s.DataStatusScheduler - UUID - [SCHEDULER-28f22ec7-9761-46c5-a497-dbbf0e524191] | END TIME : 2025-01-16T23:52:00.086110600
2025-01-16 23:52:00 [MyScheduler-1] INFO  i.d.c.i.c.s.DataStatusScheduler - UUID - [SCHEDULER-28f22ec7-9761-46c5-a497-dbbf0e524191] | -------------------------------------------------------------------------->>
2025-01-16 23:52:00 [MyScheduler-3] INFO  i.d.c.i.c.s.DataStatusScheduler - UUID - [SCHEDULER-d6d04138-5c81-416f-8034-d84bed3637b0] | schedule processed in 76 ms : 2025-01-16T23:52:00.088109600
2025-01-16 23:52:00 [MyScheduler-2] INFO  i.d.c.i.c.s.DataStatusScheduler - UUID - [SCHEDULER-99426d7b-8b46-4679-91c1-5b5db0d78ab4] | schedule processed in 76 ms : 2025-01-16T23:52:00.088109600
2025-01-16 23:52:00 [MyScheduler-3] INFO  i.d.c.i.c.s.DataStatusScheduler - UUID - [SCHEDULER-d6d04138-5c81-416f-8034-d84bed3637b0] | END TIME : 2025-01-16T23:52:00.088109600
2025-01-16 23:52:00 [MyScheduler-3] INFO  i.d.c.i.c.s.DataStatusScheduler - UUID - [SCHEDULER-d6d04138-5c81-416f-8034-d84bed3637b0] | -------------------------------------------------------------------------->>
2025-01-16 23:52:00 [MyScheduler-2] INFO  i.d.c.i.c.s.DataStatusScheduler - UUID - [SCHEDULER-99426d7b-8b46-4679-91c1-5b5db0d78ab4] | END TIME : 2025-01-16T23:52:00.088109600
2025-01-16 23:52:00 [MyScheduler-2] INFO  i.d.c.i.c.s.DataStatusScheduler - UUID - [SCHEDULER-99426d7b-8b46-4679-91c1-5b5db0d78ab4] | -------------------------------------------------------------------------->>
2025-01-16 23:53:00 [MyScheduler-1] INFO  i.d.c.i.c.s.DataStatusScheduler - UUID - [SCHEDULER-90a066da-2591-46fc-9f6f-b71976002e60] | <<--------------------------------------------------------------------------
2025-01-16 23:53:00 [MyScheduler-1] INFO  i.d.c.i.c.s.DataStatusScheduler - UUID - [SCHEDULER-90a066da-2591-46fc-9f6f-b71976002e60] | EXPIRE_TOKEN_SCHEDULER | START TIME : 2025-01-16T23:53:00.007052200
2025-01-16 23:53:00 [MyScheduler-1] INFO  i.d.c.i.c.s.DataStatusScheduler - UUID - [SCHEDULER-90a066da-2591-46fc-9f6f-b71976002e60] | schedule processed in 3 ms : 2025-01-16T23:53:00.010059200
2025-01-16 23:53:00 [MyScheduler-1] INFO  i.d.c.i.c.s.DataStatusScheduler - UUID - [SCHEDULER-90a066da-2591-46fc-9f6f-b71976002e60] | END TIME : 2025-01-16T23:53:00.010059200
2025-01-16 23:53:00 [MyScheduler-1] INFO  i.d.c.i.c.s.DataStatusScheduler - UUID - [SCHEDULER-90a066da-2591-46fc-9f6f-b71976002e60] | -------------------------------------------------------------------------->>
2025-01-16 23:54:00 [MyScheduler-4] INFO  i.d.c.i.c.s.DataStatusScheduler - UUID - [SCHEDULER-95c30e3b-d04f-4338-ba67-37e14e0f5529] | <<--------------------------------------------------------------------------
2025-01-16 23:54:00 [MyScheduler-2] INFO  i.d.c.i.c.s.DataStatusScheduler - UUID - [SCHEDULER-3a0e6c4b-741f-4e4f-9746-94040377c924] | <<--------------------------------------------------------------------------
2025-01-16 23:54:00 [MyScheduler-4] INFO  i.d.c.i.c.s.DataStatusScheduler - UUID - [SCHEDULER-95c30e3b-d04f-4338-ba67-37e14e0f5529] | ACTIVE_TOKEN_SCHEDULER | START TIME : 2025-01-16T23:54:00.012547700
2025-01-16 23:54:00 [MyScheduler-2] INFO  i.d.c.i.c.s.DataStatusScheduler - UUID - [SCHEDULER-3a0e6c4b-741f-4e4f-9746-94040377c924] | EXPIRE_TOKEN_SCHEDULER | START TIME : 2025-01-16T23:54:00.012547700
2025-01-16 23:54:00 [MyScheduler-2] INFO  i.d.c.i.c.s.DataStatusScheduler - UUID - [SCHEDULER-3a0e6c4b-741f-4e4f-9746-94040377c924] | schedule processed in 3 ms : 2025-01-16T23:54:00.015547900
2025-01-16 23:54:00 [MyScheduler-2] INFO  i.d.c.i.c.s.DataStatusScheduler - UUID - [SCHEDULER-3a0e6c4b-741f-4e4f-9746-94040377c924] | END TIME : 2025-01-16T23:54:00.015547900
2025-01-16 23:54:00 [MyScheduler-2] INFO  i.d.c.i.c.s.DataStatusScheduler - UUID - [SCHEDULER-3a0e6c4b-741f-4e4f-9746-94040377c924] | -------------------------------------------------------------------------->>
2025-01-16 23:54:00 [MyScheduler-4] INFO  i.d.c.i.c.s.DataStatusScheduler - UUID - [SCHEDULER-95c30e3b-d04f-4338-ba67-37e14e0f5529] | schedule processed in 3 ms : 2025-01-16T23:54:00.015547900
2025-01-16 23:54:00 [MyScheduler-4] INFO  i.d.c.i.c.s.DataStatusScheduler - UUID - [SCHEDULER-95c30e3b-d04f-4338-ba67-37e14e0f5529] | END TIME : 2025-01-16T23:54:00.015547900
2025-01-16 23:54:00 [MyScheduler-4] INFO  i.d.c.i.c.s.DataStatusScheduler - UUID - [SCHEDULER-95c30e3b-d04f-4338-ba67-37e14e0f5529] | -------------------------------------------------------------------------->>
2025-01-16 23:55:00 [MyScheduler-5] INFO  i.d.c.i.c.s.DataStatusScheduler - UUID - [SCHEDULER-31d27cb6-431a-4b52-83f9-066d6abd6984] | <<--------------------------------------------------------------------------
2025-01-16 23:55:00 [MyScheduler-5] INFO  i.d.c.i.c.s.DataStatusScheduler - UUID - [SCHEDULER-31d27cb6-431a-4b52-83f9-066d6abd6984] | EXPIRE_TOKEN_SCHEDULER | START TIME : 2025-01-16T23:55:00.000409800
2025-01-16 23:55:00 [MyScheduler-5] INFO  i.d.c.i.c.s.DataStatusScheduler - UUID - [SCHEDULER-31d27cb6-431a-4b52-83f9-066d6abd6984] | schedule processed in 2 ms : 2025-01-16T23:55:00.002927700
2025-01-16 23:55:00 [MyScheduler-5] INFO  i.d.c.i.c.s.DataStatusScheduler - UUID - [SCHEDULER-31d27cb6-431a-4b52-83f9-066d6abd6984] | END TIME : 2025-01-16T23:55:00.002927700
2025-01-16 23:55:00 [MyScheduler-5] INFO  i.d.c.i.c.s.DataStatusScheduler - UUID - [SCHEDULER-31d27cb6-431a-4b52-83f9-066d6abd6984] | -------------------------------------------------------------------------->>
2025-01-16 23:56:00 [MyScheduler-1] INFO  i.d.c.i.c.s.DataStatusScheduler - UUID - [SCHEDULER-7133ddb2-abc7-497b-8061-b380ae434e43] | <<--------------------------------------------------------------------------
2025-01-16 23:56:00 [MyScheduler-3] INFO  i.d.c.i.c.s.DataStatusScheduler - UUID - [SCHEDULER-ea17d482-5116-45a1-a27e-dbcde19e2986] | <<--------------------------------------------------------------------------
2025-01-16 23:56:00 [MyScheduler-2] INFO  i.d.c.i.c.s.DataStatusScheduler - UUID - [SCHEDULER-83358cdc-c453-4df5-ba07-bfb6a3062879] | <<--------------------------------------------------------------------------
2025-01-16 23:56:00 [MyScheduler-1] INFO  i.d.c.i.c.s.DataStatusScheduler - UUID - [SCHEDULER-7133ddb2-abc7-497b-8061-b380ae434e43] | SEAT_SCHEDULER | START TIME : 2025-01-16T23:56:00.013459500
2025-01-16 23:56:00 [MyScheduler-2] INFO  i.d.c.i.c.s.DataStatusScheduler - UUID - [SCHEDULER-83358cdc-c453-4df5-ba07-bfb6a3062879] | EXPIRE_TOKEN_SCHEDULER | START TIME : 2025-01-16T23:56:00.013459500
2025-01-16 23:56:00 [MyScheduler-3] INFO  i.d.c.i.c.s.DataStatusScheduler - UUID - [SCHEDULER-ea17d482-5116-45a1-a27e-dbcde19e2986] | ACTIVE_TOKEN_SCHEDULER | START TIME : 2025-01-16T23:56:00.013459500
2025-01-16 23:56:00 [MyScheduler-2] INFO  i.d.c.i.c.s.DataStatusScheduler - UUID - [SCHEDULER-83358cdc-c453-4df5-ba07-bfb6a3062879] | schedule processed in 3 ms : 2025-01-16T23:56:00.016303100
2025-01-16 23:56:00 [MyScheduler-2] INFO  i.d.c.i.c.s.DataStatusScheduler - UUID - [SCHEDULER-83358cdc-c453-4df5-ba07-bfb6a3062879] | END TIME : 2025-01-16T23:56:00.016303100
2025-01-16 23:56:00 [MyScheduler-2] INFO  i.d.c.i.c.s.DataStatusScheduler - UUID - [SCHEDULER-83358cdc-c453-4df5-ba07-bfb6a3062879] | -------------------------------------------------------------------------->>
2025-01-16 23:56:00 [MyScheduler-1] INFO  i.d.c.i.c.s.DataStatusScheduler - UUID - [SCHEDULER-7133ddb2-abc7-497b-8061-b380ae434e43] | schedule processed in 3 ms : 2025-01-16T23:56:00.016303100
2025-01-16 23:56:00 [MyScheduler-1] INFO  i.d.c.i.c.s.DataStatusScheduler - UUID - [SCHEDULER-7133ddb2-abc7-497b-8061-b380ae434e43] | END TIME : 2025-01-16T23:56:00.016303100
2025-01-16 23:56:00 [MyScheduler-1] INFO  i.d.c.i.c.s.DataStatusScheduler - UUID - [SCHEDULER-7133ddb2-abc7-497b-8061-b380ae434e43] | -------------------------------------------------------------------------->>
2025-01-16 23:56:00 [MyScheduler-3] INFO  i.d.c.i.c.s.DataStatusScheduler - UUID - [SCHEDULER-ea17d482-5116-45a1-a27e-dbcde19e2986] | schedule processed in 3 ms : 2025-01-16T23:56:00.016303100
2025-01-16 23:56:00 [MyScheduler-3] INFO  i.d.c.i.c.s.DataStatusScheduler - UUID - [SCHEDULER-ea17d482-5116-45a1-a27e-dbcde19e2986] | END TIME : 2025-01-16T23:56:00.016303100
2025-01-16 23:56:00 [MyScheduler-3] INFO  i.d.c.i.c.s.DataStatusScheduler - UUID - [SCHEDULER-ea17d482-5116-45a1-a27e-dbcde19e2986] | -------------------------------------------------------------------------->>
2025-01-16 23:56:20 [SpringApplicationShutdownHook] INFO  o.s.b.w.e.tomcat.GracefulShutdown - Commencing graceful shutdown. Waiting for active requests to complete
2025-01-16 23:56:20 [tomcat-shutdown] INFO  o.s.b.w.e.tomcat.GracefulShutdown - Graceful shutdown complete
2025-01-16 23:56:20 [SpringApplicationShutdownHook] INFO  o.s.o.j.LocalContainerEntityManagerFactoryBean - Closing JPA EntityManagerFactory for persistence unit 'default'
2025-01-16 23:56:20 [SpringApplicationShutdownHook] INFO  com.zaxxer.hikari.HikariDataSource - HikariPool-1 - Shutdown initiated...
2025-01-16 23:56:20 [SpringApplicationShutdownHook] INFO  com.zaxxer.hikari.HikariDataSource - HikariPool-1 - Shutdown completed.
