2025-01-18 07:37:27 [background-preinit] INFO  o.h.validator.internal.util.Version - HV000001: Hibernate Validator 8.0.2.Final
2025-01-18 07:37:27 [Test worker] INFO  i.d.c.a.r.c.ConcertReservationConcurrencyTest - Starting ConcertReservationConcurrencyTest using Java 21.0.5 with PID 10572 (started by tlsdb in C:\Users\tlsdb\Dev\InteliJDev\concert-reservation-system)
2025-01-18 07:37:27 [Test worker] INFO  i.d.c.a.r.c.ConcertReservationConcurrencyTest - No active profile set, falling back to 1 default profile: "default"
2025-01-18 07:37:28 [Test worker] INFO  o.s.d.r.c.RepositoryConfigurationDelegate - Multiple Spring Data modules found, entering strict repository configuration mode
2025-01-18 07:37:28 [Test worker] INFO  o.s.d.r.c.RepositoryConfigurationDelegate - Bootstrapping Spring Data JDBC repositories in DEFAULT mode.
2025-01-18 07:37:28 [Test worker] INFO  o.s.d.r.c.RepositoryConfigurationExtensionSupport - Spring Data JDBC - Could not safely identify store assignment for repository candidate interface io.dev.concertreservationsystem.infrastructure.concert_basic.ConcertBasicJPARepository; If you want this repository to be a JDBC repository, consider annotating your entities with one of these annotations: org.springframework.data.relational.core.mapping.Table.
2025-01-18 07:37:28 [Test worker] INFO  o.s.d.r.c.RepositoryConfigurationExtensionSupport - Spring Data JDBC - Could not safely identify store assignment for repository candidate interface io.dev.concertreservationsystem.infrastructure.concert_detail.ConcertDetailJPARepository; If you want this repository to be a JDBC repository, consider annotating your entities with one of these annotations: org.springframework.data.relational.core.mapping.Table.
2025-01-18 07:37:28 [Test worker] INFO  o.s.d.r.c.RepositoryConfigurationExtensionSupport - Spring Data JDBC - Could not safely identify store assignment for repository candidate interface io.dev.concertreservationsystem.infrastructure.payment.PaymentJPARepository; If you want this repository to be a JDBC repository, consider annotating your entities with one of these annotations: org.springframework.data.relational.core.mapping.Table.
2025-01-18 07:37:28 [Test worker] INFO  o.s.d.r.c.RepositoryConfigurationExtensionSupport - Spring Data JDBC - Could not safely identify store assignment for repository candidate interface io.dev.concertreservationsystem.infrastructure.point_history.PointHistoryJPARepository; If you want this repository to be a JDBC repository, consider annotating your entities with one of these annotations: org.springframework.data.relational.core.mapping.Table.
2025-01-18 07:37:28 [Test worker] INFO  o.s.d.r.c.RepositoryConfigurationExtensionSupport - Spring Data JDBC - Could not safely identify store assignment for repository candidate interface io.dev.concertreservationsystem.infrastructure.reservation.ReservationJPARepository; If you want this repository to be a JDBC repository, consider annotating your entities with one of these annotations: org.springframework.data.relational.core.mapping.Table.
2025-01-18 07:37:28 [Test worker] INFO  o.s.d.r.c.RepositoryConfigurationExtensionSupport - Spring Data JDBC - Could not safely identify store assignment for repository candidate interface io.dev.concertreservationsystem.infrastructure.seat.SeatJPARepository; If you want this repository to be a JDBC repository, consider annotating your entities with one of these annotations: org.springframework.data.relational.core.mapping.Table.
2025-01-18 07:37:28 [Test worker] INFO  o.s.d.r.c.RepositoryConfigurationExtensionSupport - Spring Data JDBC - Could not safely identify store assignment for repository candidate interface io.dev.concertreservationsystem.infrastructure.token.TokenJPARepository; If you want this repository to be a JDBC repository, consider annotating your entities with one of these annotations: org.springframework.data.relational.core.mapping.Table.
2025-01-18 07:37:28 [Test worker] INFO  o.s.d.r.c.RepositoryConfigurationExtensionSupport - Spring Data JDBC - Could not safely identify store assignment for repository candidate interface io.dev.concertreservationsystem.infrastructure.user.UserJPARepository; If you want this repository to be a JDBC repository, consider annotating your entities with one of these annotations: org.springframework.data.relational.core.mapping.Table.
2025-01-18 07:37:28 [Test worker] INFO  o.s.d.r.c.RepositoryConfigurationDelegate - Finished Spring Data repository scanning in 90 ms. Found 0 JDBC repository interfaces.
2025-01-18 07:37:28 [Test worker] INFO  o.s.d.r.c.RepositoryConfigurationDelegate - Multiple Spring Data modules found, entering strict repository configuration mode
2025-01-18 07:37:28 [Test worker] INFO  o.s.d.r.c.RepositoryConfigurationDelegate - Bootstrapping Spring Data JPA repositories in DEFAULT mode.
2025-01-18 07:37:29 [Test worker] INFO  o.s.d.r.c.RepositoryConfigurationDelegate - Finished Spring Data repository scanning in 312 ms. Found 8 JPA repository interfaces.
2025-01-18 07:37:29 [Test worker] INFO  o.testcontainers.images.PullPolicy - Image pull policy will be performed by: DefaultPullPolicy()
2025-01-18 07:37:29 [Test worker] INFO  o.t.utility.ImageNameSubstitutor - Image name substitution will be performed by: DefaultImageNameSubstitutor (composite of 'ConfigurationFileImageNameSubstitutor' and 'PrefixingImageNameSubstitutor')
2025-01-18 07:37:29 [Test worker] INFO  o.testcontainers.DockerClientFactory - Testcontainers version: 1.20.4
2025-01-18 07:37:29 [Test worker] INFO  o.t.d.DockerClientProviderStrategy - Loaded org.testcontainers.dockerclient.NpipeSocketClientProviderStrategy from ~/.testcontainers.properties, will try it first
2025-01-18 07:37:30 [Test worker] INFO  o.t.d.DockerClientProviderStrategy - Found Docker environment with local Npipe socket (npipe:////./pipe/docker_engine)
2025-01-18 07:37:30 [Test worker] INFO  o.testcontainers.DockerClientFactory - Docker host IP address is localhost
2025-01-18 07:37:30 [Test worker] INFO  o.testcontainers.DockerClientFactory - Connected to docker: 
  Server Version: 23.0.5
  API Version: 1.42
  Operating System: Docker Desktop
  Total Memory: 7642 MB
2025-01-18 07:37:30 [Test worker] INFO  tc.testcontainers/ryuk:0.11.0 - Creating container for image: testcontainers/ryuk:0.11.0
2025-01-18 07:37:30 [Test worker] INFO  o.t.utility.RegistryAuthLocator - Credential helper/store (docker-credential-desktop) does not have credentials for https://index.docker.io/v1/
2025-01-18 07:37:31 [Test worker] INFO  tc.testcontainers/ryuk:0.11.0 - Container testcontainers/ryuk:0.11.0 is starting: f720c471a4620490eccf67586d17d710e2083052401a21f8339af636fdf24c44
2025-01-18 07:37:32 [Test worker] INFO  tc.testcontainers/ryuk:0.11.0 - Container testcontainers/ryuk:0.11.0 started in PT1.7055076S
2025-01-18 07:37:32 [Test worker] INFO  o.t.utility.RyukResourceReaper - Ryuk started - will monitor and terminate Testcontainers containers on JVM exit
2025-01-18 07:37:32 [Test worker] INFO  o.testcontainers.DockerClientFactory - Checking the system...
2025-01-18 07:37:32 [Test worker] INFO  o.testcontainers.DockerClientFactory - ✔︎ Docker server version should be at least 1.6.0
2025-01-18 07:37:32 [Test worker] INFO  tc.mysql:8.0 - Creating container for image: mysql:8.0
2025-01-18 07:37:32 [Test worker] INFO  tc.mysql:8.0 - Container mysql:8.0 is starting: 6802844bf15245b887a378d5630c8bdb114d3f6e6029ea041a6f19fe36f6b161
2025-01-18 07:37:33 [Test worker] INFO  tc.mysql:8.0 - Waiting for database connection to become available at jdbc:mysql://localhost:54557/hhplus using query 'SELECT 1'
2025-01-18 07:37:44 [Test worker] INFO  tc.mysql:8.0 - Container mysql:8.0 started in PT11.8821242S
2025-01-18 07:37:44 [Test worker] INFO  tc.mysql:8.0 - Container is started (JDBC URL: jdbc:mysql://localhost:54557/hhplus)
2025-01-18 07:37:44 [Test worker] INFO  org.hibernate.Version - HHH000412: Hibernate ORM core version 6.6.4.Final
2025-01-18 07:37:45 [Test worker] INFO  o.h.c.i.RegionFactoryInitiator - HHH000026: Second-level cache disabled
2025-01-18 07:37:45 [Test worker] INFO  o.s.o.j.p.SpringPersistenceUnitInfo - No LoadTimeWeaver setup: ignoring JPA class transformer
2025-01-18 07:37:45 [Test worker] INFO  com.zaxxer.hikari.HikariDataSource - HikariPool-1 - Starting...
2025-01-18 07:37:45 [Test worker] INFO  com.zaxxer.hikari.pool.HikariPool - HikariPool-1 - Added connection com.mysql.cj.jdbc.ConnectionImpl@1b08d26f
2025-01-18 07:37:45 [Test worker] INFO  com.zaxxer.hikari.HikariDataSource - HikariPool-1 - Start completed.
2025-01-18 07:37:45 [Test worker] INFO  o.hibernate.orm.connections.pooling - HHH10001005: Database info:
	Database JDBC URL [Connecting through datasource 'HikariDataSource (HikariPool-1)']
	Database driver: undefined/unknown
	Database version: 8.0
	Autocommit mode: undefined/unknown
	Isolation level: undefined/unknown
	Minimum pool size: undefined/unknown
	Maximum pool size: undefined/unknown
2025-01-18 07:37:47 [Test worker] INFO  o.h.e.t.j.p.i.JtaPlatformInitiator - HHH000489: No JTA platform available (set 'hibernate.transaction.jta.platform' to enable JTA platform integration)
2025-01-18 07:37:47 [Test worker] INFO  o.s.o.j.LocalContainerEntityManagerFactoryBean - Initialized JPA EntityManagerFactory for persistence unit 'default'
2025-01-18 07:37:48 [Test worker] INFO  o.s.d.j.r.query.QueryEnhancerFactory - Hibernate is in classpath; If applicable, HQL parser will be used.
2025-01-18 07:37:50 [Test worker] INFO  i.d.c.a.r.c.ConcertReservationConcurrencyTest - Started ConcertReservationConcurrencyTest in 23.202 seconds (process running for 24.952)
2025-01-18 07:37:51 [SpringApplicationShutdownHook] INFO  o.s.o.j.LocalContainerEntityManagerFactoryBean - Closing JPA EntityManagerFactory for persistence unit 'default'
2025-01-18 07:37:51 [SpringApplicationShutdownHook] INFO  com.zaxxer.hikari.HikariDataSource - HikariPool-1 - Shutdown initiated...
2025-01-18 07:37:51 [SpringApplicationShutdownHook] INFO  com.zaxxer.hikari.HikariDataSource - HikariPool-1 - Shutdown completed.
2025-01-18 07:39:48 [background-preinit] INFO  o.h.validator.internal.util.Version - HV000001: Hibernate Validator 8.0.2.Final
2025-01-18 07:39:48 [Test worker] INFO  i.d.c.a.r.c.ConcertReservationConcurrencyTest - Starting ConcertReservationConcurrencyTest using Java 21.0.5 with PID 27244 (started by tlsdb in C:\Users\tlsdb\Dev\InteliJDev\concert-reservation-system)
2025-01-18 07:39:48 [Test worker] INFO  i.d.c.a.r.c.ConcertReservationConcurrencyTest - No active profile set, falling back to 1 default profile: "default"
2025-01-18 07:39:49 [Test worker] INFO  o.s.d.r.c.RepositoryConfigurationDelegate - Multiple Spring Data modules found, entering strict repository configuration mode
2025-01-18 07:39:49 [Test worker] INFO  o.s.d.r.c.RepositoryConfigurationDelegate - Bootstrapping Spring Data JDBC repositories in DEFAULT mode.
2025-01-18 07:39:49 [Test worker] INFO  o.s.d.r.c.RepositoryConfigurationExtensionSupport - Spring Data JDBC - Could not safely identify store assignment for repository candidate interface io.dev.concertreservationsystem.infrastructure.concert_basic.ConcertBasicJPARepository; If you want this repository to be a JDBC repository, consider annotating your entities with one of these annotations: org.springframework.data.relational.core.mapping.Table.
2025-01-18 07:39:49 [Test worker] INFO  o.s.d.r.c.RepositoryConfigurationExtensionSupport - Spring Data JDBC - Could not safely identify store assignment for repository candidate interface io.dev.concertreservationsystem.infrastructure.concert_detail.ConcertDetailJPARepository; If you want this repository to be a JDBC repository, consider annotating your entities with one of these annotations: org.springframework.data.relational.core.mapping.Table.
2025-01-18 07:39:49 [Test worker] INFO  o.s.d.r.c.RepositoryConfigurationExtensionSupport - Spring Data JDBC - Could not safely identify store assignment for repository candidate interface io.dev.concertreservationsystem.infrastructure.payment.PaymentJPARepository; If you want this repository to be a JDBC repository, consider annotating your entities with one of these annotations: org.springframework.data.relational.core.mapping.Table.
2025-01-18 07:39:49 [Test worker] INFO  o.s.d.r.c.RepositoryConfigurationExtensionSupport - Spring Data JDBC - Could not safely identify store assignment for repository candidate interface io.dev.concertreservationsystem.infrastructure.point_history.PointHistoryJPARepository; If you want this repository to be a JDBC repository, consider annotating your entities with one of these annotations: org.springframework.data.relational.core.mapping.Table.
2025-01-18 07:39:49 [Test worker] INFO  o.s.d.r.c.RepositoryConfigurationExtensionSupport - Spring Data JDBC - Could not safely identify store assignment for repository candidate interface io.dev.concertreservationsystem.infrastructure.reservation.ReservationJPARepository; If you want this repository to be a JDBC repository, consider annotating your entities with one of these annotations: org.springframework.data.relational.core.mapping.Table.
2025-01-18 07:39:49 [Test worker] INFO  o.s.d.r.c.RepositoryConfigurationExtensionSupport - Spring Data JDBC - Could not safely identify store assignment for repository candidate interface io.dev.concertreservationsystem.infrastructure.seat.SeatJPARepository; If you want this repository to be a JDBC repository, consider annotating your entities with one of these annotations: org.springframework.data.relational.core.mapping.Table.
2025-01-18 07:39:49 [Test worker] INFO  o.s.d.r.c.RepositoryConfigurationExtensionSupport - Spring Data JDBC - Could not safely identify store assignment for repository candidate interface io.dev.concertreservationsystem.infrastructure.token.TokenJPARepository; If you want this repository to be a JDBC repository, consider annotating your entities with one of these annotations: org.springframework.data.relational.core.mapping.Table.
2025-01-18 07:39:49 [Test worker] INFO  o.s.d.r.c.RepositoryConfigurationExtensionSupport - Spring Data JDBC - Could not safely identify store assignment for repository candidate interface io.dev.concertreservationsystem.infrastructure.user.UserJPARepository; If you want this repository to be a JDBC repository, consider annotating your entities with one of these annotations: org.springframework.data.relational.core.mapping.Table.
2025-01-18 07:39:49 [Test worker] INFO  o.s.d.r.c.RepositoryConfigurationDelegate - Finished Spring Data repository scanning in 83 ms. Found 0 JDBC repository interfaces.
2025-01-18 07:39:49 [Test worker] INFO  o.s.d.r.c.RepositoryConfigurationDelegate - Multiple Spring Data modules found, entering strict repository configuration mode
2025-01-18 07:39:49 [Test worker] INFO  o.s.d.r.c.RepositoryConfigurationDelegate - Bootstrapping Spring Data JPA repositories in DEFAULT mode.
2025-01-18 07:39:50 [Test worker] INFO  o.s.d.r.c.RepositoryConfigurationDelegate - Finished Spring Data repository scanning in 277 ms. Found 8 JPA repository interfaces.
2025-01-18 07:39:50 [Test worker] INFO  o.testcontainers.images.PullPolicy - Image pull policy will be performed by: DefaultPullPolicy()
2025-01-18 07:39:50 [Test worker] INFO  o.t.utility.ImageNameSubstitutor - Image name substitution will be performed by: DefaultImageNameSubstitutor (composite of 'ConfigurationFileImageNameSubstitutor' and 'PrefixingImageNameSubstitutor')
2025-01-18 07:39:50 [Test worker] INFO  o.testcontainers.DockerClientFactory - Testcontainers version: 1.20.4
2025-01-18 07:39:50 [Test worker] INFO  o.t.d.DockerClientProviderStrategy - Loaded org.testcontainers.dockerclient.NpipeSocketClientProviderStrategy from ~/.testcontainers.properties, will try it first
2025-01-18 07:39:51 [Test worker] INFO  o.t.d.DockerClientProviderStrategy - Found Docker environment with local Npipe socket (npipe:////./pipe/docker_engine)
2025-01-18 07:39:51 [Test worker] INFO  o.testcontainers.DockerClientFactory - Docker host IP address is localhost
2025-01-18 07:39:51 [Test worker] INFO  o.testcontainers.DockerClientFactory - Connected to docker: 
  Server Version: 23.0.5
  API Version: 1.42
  Operating System: Docker Desktop
  Total Memory: 7642 MB
2025-01-18 07:39:51 [Test worker] INFO  tc.testcontainers/ryuk:0.11.0 - Creating container for image: testcontainers/ryuk:0.11.0
2025-01-18 07:39:51 [Test worker] INFO  o.t.utility.RegistryAuthLocator - Credential helper/store (docker-credential-desktop) does not have credentials for https://index.docker.io/v1/
2025-01-18 07:39:51 [Test worker] INFO  tc.testcontainers/ryuk:0.11.0 - Container testcontainers/ryuk:0.11.0 is starting: 284995838d5335dfce806d3e3399a4068c20c532aa88136c6375910dde3d4c38
2025-01-18 07:39:52 [Test worker] INFO  tc.testcontainers/ryuk:0.11.0 - Container testcontainers/ryuk:0.11.0 started in PT1.0582609S
2025-01-18 07:39:52 [Test worker] INFO  o.t.utility.RyukResourceReaper - Ryuk started - will monitor and terminate Testcontainers containers on JVM exit
2025-01-18 07:39:52 [Test worker] INFO  o.testcontainers.DockerClientFactory - Checking the system...
2025-01-18 07:39:52 [Test worker] INFO  o.testcontainers.DockerClientFactory - ✔︎ Docker server version should be at least 1.6.0
2025-01-18 07:39:52 [Test worker] INFO  tc.mysql:8.0 - Creating container for image: mysql:8.0
2025-01-18 07:39:52 [Test worker] INFO  tc.mysql:8.0 - Container mysql:8.0 is starting: 90a3c59839f84a6922fbea2b3c91b5104cbcd72983f5f8b397e0866d9a5b9d36
2025-01-18 07:39:53 [Test worker] INFO  tc.mysql:8.0 - Waiting for database connection to become available at jdbc:mysql://localhost:54744/hhplus using query 'SELECT 1'
2025-01-18 07:40:04 [Test worker] INFO  tc.mysql:8.0 - Container mysql:8.0 started in PT11.6016021S
2025-01-18 07:40:04 [Test worker] INFO  tc.mysql:8.0 - Container is started (JDBC URL: jdbc:mysql://localhost:54744/hhplus)
2025-01-18 07:40:04 [Test worker] INFO  org.hibernate.Version - HHH000412: Hibernate ORM core version 6.6.4.Final
2025-01-18 07:40:04 [Test worker] INFO  o.h.c.i.RegionFactoryInitiator - HHH000026: Second-level cache disabled
2025-01-18 07:40:05 [Test worker] INFO  o.s.o.j.p.SpringPersistenceUnitInfo - No LoadTimeWeaver setup: ignoring JPA class transformer
2025-01-18 07:40:05 [Test worker] INFO  com.zaxxer.hikari.HikariDataSource - HikariPool-1 - Starting...
2025-01-18 07:40:05 [Test worker] INFO  com.zaxxer.hikari.pool.HikariPool - HikariPool-1 - Added connection com.mysql.cj.jdbc.ConnectionImpl@2e2c9e24
2025-01-18 07:40:05 [Test worker] INFO  com.zaxxer.hikari.HikariDataSource - HikariPool-1 - Start completed.
2025-01-18 07:40:05 [Test worker] INFO  o.hibernate.orm.connections.pooling - HHH10001005: Database info:
	Database JDBC URL [Connecting through datasource 'HikariDataSource (HikariPool-1)']
	Database driver: undefined/unknown
	Database version: 8.0
	Autocommit mode: undefined/unknown
	Isolation level: undefined/unknown
	Minimum pool size: undefined/unknown
	Maximum pool size: undefined/unknown
2025-01-18 07:40:07 [Test worker] INFO  o.h.e.t.j.p.i.JtaPlatformInitiator - HHH000489: No JTA platform available (set 'hibernate.transaction.jta.platform' to enable JTA platform integration)
2025-01-18 07:40:07 [Test worker] INFO  o.s.o.j.LocalContainerEntityManagerFactoryBean - Initialized JPA EntityManagerFactory for persistence unit 'default'
2025-01-18 07:40:07 [Test worker] INFO  o.s.d.j.r.query.QueryEnhancerFactory - Hibernate is in classpath; If applicable, HQL parser will be used.
2025-01-18 07:40:09 [Test worker] INFO  i.d.c.a.r.c.ConcertReservationConcurrencyTest - Started ConcertReservationConcurrencyTest in 21.706 seconds (process running for 23.399)
2025-01-18 07:40:11 [SpringApplicationShutdownHook] INFO  o.s.o.j.LocalContainerEntityManagerFactoryBean - Closing JPA EntityManagerFactory for persistence unit 'default'
2025-01-18 07:40:11 [SpringApplicationShutdownHook] INFO  com.zaxxer.hikari.HikariDataSource - HikariPool-1 - Shutdown initiated...
2025-01-18 07:40:11 [SpringApplicationShutdownHook] INFO  com.zaxxer.hikari.HikariDataSource - HikariPool-1 - Shutdown completed.
2025-01-18 07:51:25 [background-preinit] INFO  o.h.validator.internal.util.Version - HV000001: Hibernate Validator 8.0.2.Final
2025-01-18 07:51:25 [Test worker] INFO  i.d.c.a.r.c.ConcertReservationConcurrencyTest - Starting ConcertReservationConcurrencyTest using Java 21.0.5 with PID 6928 (started by tlsdb in C:\Users\tlsdb\Dev\InteliJDev\concert-reservation-system)
2025-01-18 07:51:25 [Test worker] INFO  i.d.c.a.r.c.ConcertReservationConcurrencyTest - No active profile set, falling back to 1 default profile: "default"
2025-01-18 07:51:27 [Test worker] INFO  o.s.d.r.c.RepositoryConfigurationDelegate - Multiple Spring Data modules found, entering strict repository configuration mode
2025-01-18 07:51:27 [Test worker] INFO  o.s.d.r.c.RepositoryConfigurationDelegate - Bootstrapping Spring Data JDBC repositories in DEFAULT mode.
2025-01-18 07:51:27 [Test worker] INFO  o.s.d.r.c.RepositoryConfigurationExtensionSupport - Spring Data JDBC - Could not safely identify store assignment for repository candidate interface io.dev.concertreservationsystem.infrastructure.concert_basic.ConcertBasicJPARepository; If you want this repository to be a JDBC repository, consider annotating your entities with one of these annotations: org.springframework.data.relational.core.mapping.Table.
2025-01-18 07:51:27 [Test worker] INFO  o.s.d.r.c.RepositoryConfigurationExtensionSupport - Spring Data JDBC - Could not safely identify store assignment for repository candidate interface io.dev.concertreservationsystem.infrastructure.concert_detail.ConcertDetailJPARepository; If you want this repository to be a JDBC repository, consider annotating your entities with one of these annotations: org.springframework.data.relational.core.mapping.Table.
2025-01-18 07:51:27 [Test worker] INFO  o.s.d.r.c.RepositoryConfigurationExtensionSupport - Spring Data JDBC - Could not safely identify store assignment for repository candidate interface io.dev.concertreservationsystem.infrastructure.payment.PaymentJPARepository; If you want this repository to be a JDBC repository, consider annotating your entities with one of these annotations: org.springframework.data.relational.core.mapping.Table.
2025-01-18 07:51:27 [Test worker] INFO  o.s.d.r.c.RepositoryConfigurationExtensionSupport - Spring Data JDBC - Could not safely identify store assignment for repository candidate interface io.dev.concertreservationsystem.infrastructure.point_history.PointHistoryJPARepository; If you want this repository to be a JDBC repository, consider annotating your entities with one of these annotations: org.springframework.data.relational.core.mapping.Table.
2025-01-18 07:51:27 [Test worker] INFO  o.s.d.r.c.RepositoryConfigurationExtensionSupport - Spring Data JDBC - Could not safely identify store assignment for repository candidate interface io.dev.concertreservationsystem.infrastructure.reservation.ReservationJPARepository; If you want this repository to be a JDBC repository, consider annotating your entities with one of these annotations: org.springframework.data.relational.core.mapping.Table.
2025-01-18 07:51:27 [Test worker] INFO  o.s.d.r.c.RepositoryConfigurationExtensionSupport - Spring Data JDBC - Could not safely identify store assignment for repository candidate interface io.dev.concertreservationsystem.infrastructure.seat.SeatJPARepository; If you want this repository to be a JDBC repository, consider annotating your entities with one of these annotations: org.springframework.data.relational.core.mapping.Table.
2025-01-18 07:51:27 [Test worker] INFO  o.s.d.r.c.RepositoryConfigurationExtensionSupport - Spring Data JDBC - Could not safely identify store assignment for repository candidate interface io.dev.concertreservationsystem.infrastructure.token.TokenJPARepository; If you want this repository to be a JDBC repository, consider annotating your entities with one of these annotations: org.springframework.data.relational.core.mapping.Table.
2025-01-18 07:51:27 [Test worker] INFO  o.s.d.r.c.RepositoryConfigurationExtensionSupport - Spring Data JDBC - Could not safely identify store assignment for repository candidate interface io.dev.concertreservationsystem.infrastructure.user.UserJPARepository; If you want this repository to be a JDBC repository, consider annotating your entities with one of these annotations: org.springframework.data.relational.core.mapping.Table.
2025-01-18 07:51:27 [Test worker] INFO  o.s.d.r.c.RepositoryConfigurationDelegate - Finished Spring Data repository scanning in 161 ms. Found 0 JDBC repository interfaces.
2025-01-18 07:51:27 [Test worker] INFO  o.s.d.r.c.RepositoryConfigurationDelegate - Multiple Spring Data modules found, entering strict repository configuration mode
2025-01-18 07:51:27 [Test worker] INFO  o.s.d.r.c.RepositoryConfigurationDelegate - Bootstrapping Spring Data JPA repositories in DEFAULT mode.
2025-01-18 07:51:28 [Test worker] INFO  o.s.d.r.c.RepositoryConfigurationDelegate - Finished Spring Data repository scanning in 558 ms. Found 8 JPA repository interfaces.
2025-01-18 07:51:29 [Test worker] INFO  o.testcontainers.images.PullPolicy - Image pull policy will be performed by: DefaultPullPolicy()
2025-01-18 07:51:29 [Test worker] INFO  o.t.utility.ImageNameSubstitutor - Image name substitution will be performed by: DefaultImageNameSubstitutor (composite of 'ConfigurationFileImageNameSubstitutor' and 'PrefixingImageNameSubstitutor')
2025-01-18 07:51:29 [Test worker] INFO  o.testcontainers.DockerClientFactory - Testcontainers version: 1.20.4
2025-01-18 07:51:29 [Test worker] INFO  o.t.d.DockerClientProviderStrategy - Loaded org.testcontainers.dockerclient.NpipeSocketClientProviderStrategy from ~/.testcontainers.properties, will try it first
2025-01-18 07:51:30 [Test worker] INFO  o.t.d.DockerClientProviderStrategy - Found Docker environment with local Npipe socket (npipe:////./pipe/docker_engine)
2025-01-18 07:51:30 [Test worker] INFO  o.testcontainers.DockerClientFactory - Docker host IP address is localhost
2025-01-18 07:51:30 [Test worker] INFO  o.testcontainers.DockerClientFactory - Connected to docker: 
  Server Version: 23.0.5
  API Version: 1.42
  Operating System: Docker Desktop
  Total Memory: 7642 MB
2025-01-18 07:51:30 [Test worker] INFO  tc.testcontainers/ryuk:0.11.0 - Creating container for image: testcontainers/ryuk:0.11.0
2025-01-18 07:51:31 [Test worker] INFO  o.t.utility.RegistryAuthLocator - Credential helper/store (docker-credential-desktop) does not have credentials for https://index.docker.io/v1/
2025-01-18 07:51:31 [Test worker] INFO  tc.testcontainers/ryuk:0.11.0 - Container testcontainers/ryuk:0.11.0 is starting: 135e2b653874c0a31de3ad96f432d28cc19050cefa92fa54516e7576d9523367
2025-01-18 07:51:32 [Test worker] INFO  tc.testcontainers/ryuk:0.11.0 - Container testcontainers/ryuk:0.11.0 started in PT1.9627443S
2025-01-18 07:51:32 [Test worker] INFO  o.t.utility.RyukResourceReaper - Ryuk started - will monitor and terminate Testcontainers containers on JVM exit
2025-01-18 07:51:32 [Test worker] INFO  o.testcontainers.DockerClientFactory - Checking the system...
2025-01-18 07:51:32 [Test worker] INFO  o.testcontainers.DockerClientFactory - ✔︎ Docker server version should be at least 1.6.0
2025-01-18 07:51:32 [Test worker] INFO  tc.mysql:8.0 - Creating container for image: mysql:8.0
2025-01-18 07:51:32 [Test worker] INFO  tc.mysql:8.0 - Container mysql:8.0 is starting: 43f2b05e08fe21428a2396fac269e3dd501f8254fb73f660f5df8d3eb7e4b8cb
2025-01-18 07:51:33 [Test worker] INFO  tc.mysql:8.0 - Waiting for database connection to become available at jdbc:mysql://localhost:55156/hhplus using query 'SELECT 1'
2025-01-18 07:51:58 [Test worker] INFO  tc.mysql:8.0 - Container mysql:8.0 started in PT25.872508S
2025-01-18 07:51:58 [Test worker] INFO  tc.mysql:8.0 - Container is started (JDBC URL: jdbc:mysql://localhost:55156/hhplus)
2025-01-18 07:52:00 [Test worker] INFO  org.hibernate.Version - HHH000412: Hibernate ORM core version 6.6.4.Final
2025-01-18 07:52:00 [Test worker] INFO  o.h.c.i.RegionFactoryInitiator - HHH000026: Second-level cache disabled
2025-01-18 07:52:01 [Test worker] INFO  o.s.o.j.p.SpringPersistenceUnitInfo - No LoadTimeWeaver setup: ignoring JPA class transformer
2025-01-18 07:52:01 [Test worker] INFO  com.zaxxer.hikari.HikariDataSource - HikariPool-1 - Starting...
2025-01-18 07:52:02 [Test worker] INFO  com.zaxxer.hikari.pool.HikariPool - HikariPool-1 - Added connection com.mysql.cj.jdbc.ConnectionImpl@3d8b9dee
2025-01-18 07:52:02 [Test worker] INFO  com.zaxxer.hikari.HikariDataSource - HikariPool-1 - Start completed.
2025-01-18 07:52:02 [Test worker] INFO  o.hibernate.orm.connections.pooling - HHH10001005: Database info:
	Database JDBC URL [Connecting through datasource 'HikariDataSource (HikariPool-1)']
	Database driver: undefined/unknown
	Database version: 8.0
	Autocommit mode: undefined/unknown
	Isolation level: undefined/unknown
	Minimum pool size: undefined/unknown
	Maximum pool size: undefined/unknown
2025-01-18 07:52:05 [Test worker] INFO  o.h.e.t.j.p.i.JtaPlatformInitiator - HHH000489: No JTA platform available (set 'hibernate.transaction.jta.platform' to enable JTA platform integration)
2025-01-18 07:52:06 [Test worker] INFO  o.s.o.j.LocalContainerEntityManagerFactoryBean - Initialized JPA EntityManagerFactory for persistence unit 'default'
2025-01-18 07:52:07 [Test worker] INFO  o.s.d.j.r.query.QueryEnhancerFactory - Hibernate is in classpath; If applicable, HQL parser will be used.
2025-01-18 07:52:11 [Test worker] INFO  i.d.c.a.r.c.ConcertReservationConcurrencyTest - Started ConcertReservationConcurrencyTest in 47.323 seconds (process running for 51.142)
2025-01-18 07:52:13 [SpringApplicationShutdownHook] INFO  o.s.o.j.LocalContainerEntityManagerFactoryBean - Closing JPA EntityManagerFactory for persistence unit 'default'
2025-01-18 07:52:13 [SpringApplicationShutdownHook] INFO  com.zaxxer.hikari.HikariDataSource - HikariPool-1 - Shutdown initiated...
2025-01-18 07:52:13 [SpringApplicationShutdownHook] INFO  com.zaxxer.hikari.HikariDataSource - HikariPool-1 - Shutdown completed.
2025-01-18 08:01:01 [background-preinit] INFO  o.h.validator.internal.util.Version - HV000001: Hibernate Validator 8.0.2.Final
2025-01-18 08:01:01 [Test worker] INFO  i.d.c.a.r.c.ConcertReservationConcurrencyTest - Starting ConcertReservationConcurrencyTest using Java 21.0.5 with PID 35468 (started by tlsdb in C:\Users\tlsdb\Dev\InteliJDev\concert-reservation-system)
2025-01-18 08:01:01 [Test worker] INFO  i.d.c.a.r.c.ConcertReservationConcurrencyTest - No active profile set, falling back to 1 default profile: "default"
2025-01-18 08:01:04 [Test worker] INFO  o.s.d.r.c.RepositoryConfigurationDelegate - Multiple Spring Data modules found, entering strict repository configuration mode
2025-01-18 08:01:04 [Test worker] INFO  o.s.d.r.c.RepositoryConfigurationDelegate - Bootstrapping Spring Data JDBC repositories in DEFAULT mode.
2025-01-18 08:01:04 [Test worker] INFO  o.s.d.r.c.RepositoryConfigurationExtensionSupport - Spring Data JDBC - Could not safely identify store assignment for repository candidate interface io.dev.concertreservationsystem.infrastructure.concert_basic.ConcertBasicJPARepository; If you want this repository to be a JDBC repository, consider annotating your entities with one of these annotations: org.springframework.data.relational.core.mapping.Table.
2025-01-18 08:01:04 [Test worker] INFO  o.s.d.r.c.RepositoryConfigurationExtensionSupport - Spring Data JDBC - Could not safely identify store assignment for repository candidate interface io.dev.concertreservationsystem.infrastructure.concert_detail.ConcertDetailJPARepository; If you want this repository to be a JDBC repository, consider annotating your entities with one of these annotations: org.springframework.data.relational.core.mapping.Table.
2025-01-18 08:01:04 [Test worker] INFO  o.s.d.r.c.RepositoryConfigurationExtensionSupport - Spring Data JDBC - Could not safely identify store assignment for repository candidate interface io.dev.concertreservationsystem.infrastructure.payment.PaymentJPARepository; If you want this repository to be a JDBC repository, consider annotating your entities with one of these annotations: org.springframework.data.relational.core.mapping.Table.
2025-01-18 08:01:04 [Test worker] INFO  o.s.d.r.c.RepositoryConfigurationExtensionSupport - Spring Data JDBC - Could not safely identify store assignment for repository candidate interface io.dev.concertreservationsystem.infrastructure.point_history.PointHistoryJPARepository; If you want this repository to be a JDBC repository, consider annotating your entities with one of these annotations: org.springframework.data.relational.core.mapping.Table.
2025-01-18 08:01:04 [Test worker] INFO  o.s.d.r.c.RepositoryConfigurationExtensionSupport - Spring Data JDBC - Could not safely identify store assignment for repository candidate interface io.dev.concertreservationsystem.infrastructure.reservation.ReservationJPARepository; If you want this repository to be a JDBC repository, consider annotating your entities with one of these annotations: org.springframework.data.relational.core.mapping.Table.
2025-01-18 08:01:04 [Test worker] INFO  o.s.d.r.c.RepositoryConfigurationExtensionSupport - Spring Data JDBC - Could not safely identify store assignment for repository candidate interface io.dev.concertreservationsystem.infrastructure.seat.SeatJPARepository; If you want this repository to be a JDBC repository, consider annotating your entities with one of these annotations: org.springframework.data.relational.core.mapping.Table.
2025-01-18 08:01:04 [Test worker] INFO  o.s.d.r.c.RepositoryConfigurationExtensionSupport - Spring Data JDBC - Could not safely identify store assignment for repository candidate interface io.dev.concertreservationsystem.infrastructure.token.TokenJPARepository; If you want this repository to be a JDBC repository, consider annotating your entities with one of these annotations: org.springframework.data.relational.core.mapping.Table.
2025-01-18 08:01:04 [Test worker] INFO  o.s.d.r.c.RepositoryConfigurationExtensionSupport - Spring Data JDBC - Could not safely identify store assignment for repository candidate interface io.dev.concertreservationsystem.infrastructure.user.UserJPARepository; If you want this repository to be a JDBC repository, consider annotating your entities with one of these annotations: org.springframework.data.relational.core.mapping.Table.
2025-01-18 08:01:04 [Test worker] INFO  o.s.d.r.c.RepositoryConfigurationDelegate - Finished Spring Data repository scanning in 187 ms. Found 0 JDBC repository interfaces.
2025-01-18 08:01:04 [Test worker] INFO  o.s.d.r.c.RepositoryConfigurationDelegate - Multiple Spring Data modules found, entering strict repository configuration mode
2025-01-18 08:01:04 [Test worker] INFO  o.s.d.r.c.RepositoryConfigurationDelegate - Bootstrapping Spring Data JPA repositories in DEFAULT mode.
2025-01-18 08:01:05 [Test worker] INFO  o.s.d.r.c.RepositoryConfigurationDelegate - Finished Spring Data repository scanning in 581 ms. Found 8 JPA repository interfaces.
2025-01-18 08:01:05 [Test worker] INFO  o.testcontainers.images.PullPolicy - Image pull policy will be performed by: DefaultPullPolicy()
2025-01-18 08:01:05 [Test worker] INFO  o.t.utility.ImageNameSubstitutor - Image name substitution will be performed by: DefaultImageNameSubstitutor (composite of 'ConfigurationFileImageNameSubstitutor' and 'PrefixingImageNameSubstitutor')
2025-01-18 08:01:05 [Test worker] INFO  o.testcontainers.DockerClientFactory - Testcontainers version: 1.20.4
2025-01-18 08:01:06 [Test worker] INFO  o.t.d.DockerClientProviderStrategy - Loaded org.testcontainers.dockerclient.NpipeSocketClientProviderStrategy from ~/.testcontainers.properties, will try it first
2025-01-18 08:01:07 [Test worker] INFO  o.t.d.DockerClientProviderStrategy - Found Docker environment with local Npipe socket (npipe:////./pipe/docker_engine)
2025-01-18 08:01:07 [Test worker] INFO  o.testcontainers.DockerClientFactory - Docker host IP address is localhost
2025-01-18 08:01:07 [Test worker] INFO  o.testcontainers.DockerClientFactory - Connected to docker: 
  Server Version: 23.0.5
  API Version: 1.42
  Operating System: Docker Desktop
  Total Memory: 7642 MB
2025-01-18 08:01:07 [Test worker] INFO  tc.testcontainers/ryuk:0.11.0 - Creating container for image: testcontainers/ryuk:0.11.0
2025-01-18 08:01:07 [Test worker] INFO  o.t.utility.RegistryAuthLocator - Credential helper/store (docker-credential-desktop) does not have credentials for https://index.docker.io/v1/
2025-01-18 08:01:07 [Test worker] INFO  tc.testcontainers/ryuk:0.11.0 - Container testcontainers/ryuk:0.11.0 is starting: 3e6f38f29ac9d48a5dd40c5074b1c8a723052649a7a56b4f0300beca18766561
2025-01-18 08:01:09 [Test worker] INFO  tc.testcontainers/ryuk:0.11.0 - Container testcontainers/ryuk:0.11.0 started in PT1.8822009S
2025-01-18 08:01:09 [Test worker] INFO  o.t.utility.RyukResourceReaper - Ryuk started - will monitor and terminate Testcontainers containers on JVM exit
2025-01-18 08:01:09 [Test worker] INFO  o.testcontainers.DockerClientFactory - Checking the system...
2025-01-18 08:01:09 [Test worker] INFO  o.testcontainers.DockerClientFactory - ✔︎ Docker server version should be at least 1.6.0
2025-01-18 08:01:09 [Test worker] INFO  tc.mysql:8.0 - Creating container for image: mysql:8.0
2025-01-18 08:01:09 [Test worker] INFO  tc.mysql:8.0 - Container mysql:8.0 is starting: abe9e447b7ebdb19d1e1c03974d7da317f51a78f2583a11bdfdbbc797cbe8914
2025-01-18 08:01:10 [Test worker] INFO  tc.mysql:8.0 - Waiting for database connection to become available at jdbc:mysql://localhost:55554/hhplus using query 'SELECT 1'
2025-01-18 08:01:33 [Test worker] INFO  tc.mysql:8.0 - Container mysql:8.0 started in PT24.1906357S
2025-01-18 08:01:33 [Test worker] INFO  tc.mysql:8.0 - Container is started (JDBC URL: jdbc:mysql://localhost:55554/hhplus)
2025-01-18 08:01:34 [Test worker] INFO  org.hibernate.Version - HHH000412: Hibernate ORM core version 6.6.4.Final
2025-01-18 08:01:35 [Test worker] INFO  o.h.c.i.RegionFactoryInitiator - HHH000026: Second-level cache disabled
2025-01-18 08:01:36 [Test worker] INFO  o.s.o.j.p.SpringPersistenceUnitInfo - No LoadTimeWeaver setup: ignoring JPA class transformer
2025-01-18 08:01:36 [Test worker] INFO  com.zaxxer.hikari.HikariDataSource - HikariPool-1 - Starting...
2025-01-18 08:01:36 [Test worker] INFO  com.zaxxer.hikari.pool.HikariPool - HikariPool-1 - Added connection com.mysql.cj.jdbc.ConnectionImpl@560c3758
2025-01-18 08:01:36 [Test worker] INFO  com.zaxxer.hikari.HikariDataSource - HikariPool-1 - Start completed.
2025-01-18 08:01:37 [Test worker] INFO  o.hibernate.orm.connections.pooling - HHH10001005: Database info:
	Database JDBC URL [Connecting through datasource 'HikariDataSource (HikariPool-1)']
	Database driver: undefined/unknown
	Database version: 8.0
	Autocommit mode: undefined/unknown
	Isolation level: undefined/unknown
	Minimum pool size: undefined/unknown
	Maximum pool size: undefined/unknown
2025-01-18 08:01:40 [Test worker] INFO  o.h.e.t.j.p.i.JtaPlatformInitiator - HHH000489: No JTA platform available (set 'hibernate.transaction.jta.platform' to enable JTA platform integration)
2025-01-18 08:01:40 [Test worker] INFO  o.s.o.j.LocalContainerEntityManagerFactoryBean - Initialized JPA EntityManagerFactory for persistence unit 'default'
2025-01-18 08:01:41 [Test worker] INFO  o.s.d.j.r.query.QueryEnhancerFactory - Hibernate is in classpath; If applicable, HQL parser will be used.
2025-01-18 08:01:46 [Test worker] INFO  i.d.c.a.r.c.ConcertReservationConcurrencyTest - Started ConcertReservationConcurrencyTest in 45.761 seconds (process running for 49.893)
2025-01-18 08:01:49 [SpringApplicationShutdownHook] INFO  o.s.o.j.LocalContainerEntityManagerFactoryBean - Closing JPA EntityManagerFactory for persistence unit 'default'
2025-01-18 08:01:49 [SpringApplicationShutdownHook] INFO  com.zaxxer.hikari.HikariDataSource - HikariPool-1 - Shutdown initiated...
2025-01-18 08:01:49 [SpringApplicationShutdownHook] INFO  com.zaxxer.hikari.HikariDataSource - HikariPool-1 - Shutdown completed.
2025-01-18 08:06:21 [background-preinit] INFO  o.h.validator.internal.util.Version - HV000001: Hibernate Validator 8.0.2.Final
2025-01-18 08:06:21 [Test worker] INFO  i.d.c.a.r.c.ConcertReservationConcurrencyTest - Starting ConcertReservationConcurrencyTest using Java 21.0.5 with PID 33476 (started by tlsdb in C:\Users\tlsdb\Dev\InteliJDev\concert-reservation-system)
2025-01-18 08:06:21 [Test worker] INFO  i.d.c.a.r.c.ConcertReservationConcurrencyTest - No active profile set, falling back to 1 default profile: "default"
2025-01-18 08:06:24 [Test worker] INFO  o.s.d.r.c.RepositoryConfigurationDelegate - Multiple Spring Data modules found, entering strict repository configuration mode
2025-01-18 08:06:24 [Test worker] INFO  o.s.d.r.c.RepositoryConfigurationDelegate - Bootstrapping Spring Data JDBC repositories in DEFAULT mode.
2025-01-18 08:06:24 [Test worker] INFO  o.s.d.r.c.RepositoryConfigurationExtensionSupport - Spring Data JDBC - Could not safely identify store assignment for repository candidate interface io.dev.concertreservationsystem.infrastructure.concert_basic.ConcertBasicJPARepository; If you want this repository to be a JDBC repository, consider annotating your entities with one of these annotations: org.springframework.data.relational.core.mapping.Table.
2025-01-18 08:06:24 [Test worker] INFO  o.s.d.r.c.RepositoryConfigurationExtensionSupport - Spring Data JDBC - Could not safely identify store assignment for repository candidate interface io.dev.concertreservationsystem.infrastructure.concert_detail.ConcertDetailJPARepository; If you want this repository to be a JDBC repository, consider annotating your entities with one of these annotations: org.springframework.data.relational.core.mapping.Table.
2025-01-18 08:06:24 [Test worker] INFO  o.s.d.r.c.RepositoryConfigurationExtensionSupport - Spring Data JDBC - Could not safely identify store assignment for repository candidate interface io.dev.concertreservationsystem.infrastructure.payment.PaymentJPARepository; If you want this repository to be a JDBC repository, consider annotating your entities with one of these annotations: org.springframework.data.relational.core.mapping.Table.
2025-01-18 08:06:24 [Test worker] INFO  o.s.d.r.c.RepositoryConfigurationExtensionSupport - Spring Data JDBC - Could not safely identify store assignment for repository candidate interface io.dev.concertreservationsystem.infrastructure.point_history.PointHistoryJPARepository; If you want this repository to be a JDBC repository, consider annotating your entities with one of these annotations: org.springframework.data.relational.core.mapping.Table.
2025-01-18 08:06:24 [Test worker] INFO  o.s.d.r.c.RepositoryConfigurationExtensionSupport - Spring Data JDBC - Could not safely identify store assignment for repository candidate interface io.dev.concertreservationsystem.infrastructure.reservation.ReservationJPARepository; If you want this repository to be a JDBC repository, consider annotating your entities with one of these annotations: org.springframework.data.relational.core.mapping.Table.
2025-01-18 08:06:24 [Test worker] INFO  o.s.d.r.c.RepositoryConfigurationExtensionSupport - Spring Data JDBC - Could not safely identify store assignment for repository candidate interface io.dev.concertreservationsystem.infrastructure.seat.SeatJPARepository; If you want this repository to be a JDBC repository, consider annotating your entities with one of these annotations: org.springframework.data.relational.core.mapping.Table.
2025-01-18 08:06:24 [Test worker] INFO  o.s.d.r.c.RepositoryConfigurationExtensionSupport - Spring Data JDBC - Could not safely identify store assignment for repository candidate interface io.dev.concertreservationsystem.infrastructure.token.TokenJPARepository; If you want this repository to be a JDBC repository, consider annotating your entities with one of these annotations: org.springframework.data.relational.core.mapping.Table.
2025-01-18 08:06:24 [Test worker] INFO  o.s.d.r.c.RepositoryConfigurationExtensionSupport - Spring Data JDBC - Could not safely identify store assignment for repository candidate interface io.dev.concertreservationsystem.infrastructure.user.UserJPARepository; If you want this repository to be a JDBC repository, consider annotating your entities with one of these annotations: org.springframework.data.relational.core.mapping.Table.
2025-01-18 08:06:24 [Test worker] INFO  o.s.d.r.c.RepositoryConfigurationDelegate - Finished Spring Data repository scanning in 218 ms. Found 0 JDBC repository interfaces.
2025-01-18 08:06:24 [Test worker] INFO  o.s.d.r.c.RepositoryConfigurationDelegate - Multiple Spring Data modules found, entering strict repository configuration mode
2025-01-18 08:06:24 [Test worker] INFO  o.s.d.r.c.RepositoryConfigurationDelegate - Bootstrapping Spring Data JPA repositories in DEFAULT mode.
2025-01-18 08:06:24 [Test worker] INFO  o.s.d.r.c.RepositoryConfigurationDelegate - Finished Spring Data repository scanning in 574 ms. Found 8 JPA repository interfaces.
2025-01-18 08:06:25 [Test worker] INFO  o.testcontainers.images.PullPolicy - Image pull policy will be performed by: DefaultPullPolicy()
2025-01-18 08:06:25 [Test worker] INFO  o.t.utility.ImageNameSubstitutor - Image name substitution will be performed by: DefaultImageNameSubstitutor (composite of 'ConfigurationFileImageNameSubstitutor' and 'PrefixingImageNameSubstitutor')
2025-01-18 08:06:25 [Test worker] INFO  o.testcontainers.DockerClientFactory - Testcontainers version: 1.20.4
2025-01-18 08:06:25 [Test worker] INFO  o.t.d.DockerClientProviderStrategy - Loaded org.testcontainers.dockerclient.NpipeSocketClientProviderStrategy from ~/.testcontainers.properties, will try it first
2025-01-18 08:06:26 [Test worker] INFO  o.t.d.DockerClientProviderStrategy - Found Docker environment with local Npipe socket (npipe:////./pipe/docker_engine)
2025-01-18 08:06:26 [Test worker] INFO  o.testcontainers.DockerClientFactory - Docker host IP address is localhost
2025-01-18 08:06:26 [Test worker] INFO  o.testcontainers.DockerClientFactory - Connected to docker: 
  Server Version: 23.0.5
  API Version: 1.42
  Operating System: Docker Desktop
  Total Memory: 7642 MB
2025-01-18 08:06:26 [Test worker] INFO  tc.testcontainers/ryuk:0.11.0 - Creating container for image: testcontainers/ryuk:0.11.0
2025-01-18 08:06:27 [Test worker] INFO  o.t.utility.RegistryAuthLocator - Credential helper/store (docker-credential-desktop) does not have credentials for https://index.docker.io/v1/
2025-01-18 08:06:27 [Test worker] INFO  tc.testcontainers/ryuk:0.11.0 - Container testcontainers/ryuk:0.11.0 is starting: 63c680d154e52a61c1937a38abee80d06bb499c247dda1284704a8844e099e5b
2025-01-18 08:06:28 [Test worker] INFO  tc.testcontainers/ryuk:0.11.0 - Container testcontainers/ryuk:0.11.0 started in PT2.0964246S
2025-01-18 08:06:28 [Test worker] INFO  o.t.utility.RyukResourceReaper - Ryuk started - will monitor and terminate Testcontainers containers on JVM exit
2025-01-18 08:06:28 [Test worker] INFO  o.testcontainers.DockerClientFactory - Checking the system...
2025-01-18 08:06:28 [Test worker] INFO  o.testcontainers.DockerClientFactory - ✔︎ Docker server version should be at least 1.6.0
2025-01-18 08:06:28 [Test worker] INFO  tc.mysql:8.0 - Creating container for image: mysql:8.0
2025-01-18 08:06:29 [Test worker] INFO  tc.mysql:8.0 - Container mysql:8.0 is starting: dd5019a79ae1aa9b14fdda7228d7f93c3ea4d612ee2d699d1e231ad47e66789a
2025-01-18 08:06:30 [Test worker] INFO  tc.mysql:8.0 - Waiting for database connection to become available at jdbc:mysql://localhost:62067/hhplus using query 'SELECT 1'
2025-01-18 08:06:53 [Test worker] INFO  tc.mysql:8.0 - Container mysql:8.0 started in PT24.4062546S
2025-01-18 08:06:53 [Test worker] INFO  tc.mysql:8.0 - Container is started (JDBC URL: jdbc:mysql://localhost:62067/hhplus)
2025-01-18 08:06:54 [Test worker] INFO  org.hibernate.Version - HHH000412: Hibernate ORM core version 6.6.4.Final
2025-01-18 08:06:54 [Test worker] INFO  o.h.c.i.RegionFactoryInitiator - HHH000026: Second-level cache disabled
2025-01-18 08:06:55 [Test worker] INFO  o.s.o.j.p.SpringPersistenceUnitInfo - No LoadTimeWeaver setup: ignoring JPA class transformer
2025-01-18 08:06:56 [Test worker] INFO  com.zaxxer.hikari.HikariDataSource - HikariPool-1 - Starting...
2025-01-18 08:06:56 [Test worker] INFO  com.zaxxer.hikari.pool.HikariPool - HikariPool-1 - Added connection com.mysql.cj.jdbc.ConnectionImpl@3f04fb07
2025-01-18 08:06:56 [Test worker] INFO  com.zaxxer.hikari.HikariDataSource - HikariPool-1 - Start completed.
2025-01-18 08:06:56 [Test worker] INFO  o.hibernate.orm.connections.pooling - HHH10001005: Database info:
	Database JDBC URL [Connecting through datasource 'HikariDataSource (HikariPool-1)']
	Database driver: undefined/unknown
	Database version: 8.0
	Autocommit mode: undefined/unknown
	Isolation level: undefined/unknown
	Minimum pool size: undefined/unknown
	Maximum pool size: undefined/unknown
2025-01-18 08:06:59 [Test worker] INFO  o.h.e.t.j.p.i.JtaPlatformInitiator - HHH000489: No JTA platform available (set 'hibernate.transaction.jta.platform' to enable JTA platform integration)
2025-01-18 08:07:00 [Test worker] INFO  o.s.o.j.LocalContainerEntityManagerFactoryBean - Initialized JPA EntityManagerFactory for persistence unit 'default'
2025-01-18 08:07:01 [Test worker] INFO  o.s.d.j.r.query.QueryEnhancerFactory - Hibernate is in classpath; If applicable, HQL parser will be used.
2025-01-18 08:07:05 [Test worker] INFO  i.d.c.a.r.c.ConcertReservationConcurrencyTest - Started ConcertReservationConcurrencyTest in 45.484 seconds (process running for 49.365)
2025-01-18 08:07:08 [SpringApplicationShutdownHook] INFO  o.s.o.j.LocalContainerEntityManagerFactoryBean - Closing JPA EntityManagerFactory for persistence unit 'default'
2025-01-18 08:07:08 [SpringApplicationShutdownHook] INFO  com.zaxxer.hikari.HikariDataSource - HikariPool-1 - Shutdown initiated...
2025-01-18 08:07:08 [SpringApplicationShutdownHook] INFO  com.zaxxer.hikari.HikariDataSource - HikariPool-1 - Shutdown completed.
